#
# A fatal error has been detected by the Java Runtime Environment:
#
#  EXCEPTION_ACCESS_VIOLATION (0xc0000005) at pc=0x047ffcf5, pid=2092, tid=668
#
# JRE version: 7.0_09-b05
# Java VM: Java HotSpot(TM) Client VM (23.5-b02 mixed mode, sharing windows-x86 )
# Problematic frame:
# C  0x047ffcf5
#
# Failed to write core dump. Minidumps are not enabled by default on client versions of Windows
#
# If you would like to submit a bug report, please visit:
#   http://bugreport.sun.com/bugreport/crash.jsp
# The crash happened outside the Java Virtual Machine in native code.
# See problematic frame for where to report the bug.
#

---------------  T H R E A D  ---------------

Current thread (0x0415dc00):  JavaThread "AWT-EventQueue-0" [_thread_in_native, id=668, stack(0x04790000,0x047e0000)]

siginfo: ExceptionCode=0xc0000005, reading address 0x00000000

Registers:
EAX=0x079bbf04, EBX=0x07d50000, ECX=0x00000000, EDX=0x00000055
ESP=0x047deb80, EBP=0x047deb8c, ESI=0x00000000, EDI=0x00000000
EIP=0x047ffcf5, EFLAGS=0x00010202

Top of Stack: (sp=0x047deb80)
0x047deb80:   00000055 07d50000 0000000b 047debc4
0x047deb90:   5fc2b7fe 07d50000 079bbf00 00000000
0x047deba0:   00000055 07db9020 07d50000 00000000
0x047debb0:   00000055 047ffcc0 00000201 00000006
0x047debc0:   00000000 047debe4 5fc282a9 00000000
0x047debd0:   00000004 00000000 00000060 00000004
0x047debe0:   07d50000 047dec08 5f44abab 07d50000
0x047debf0:   00000004 00000000 00000060 0415dc00 

Instructions: (pc=0x047ffcf5)
0x047ffcd5:   c1 e7 13 8d b7 40 16 00 40 89 30 83 c0 04 8b 35
0x047ffce5:   90 8e d7 07 8b b6 c4 02 00 00 8d 3c 49 8d 34 be
0x047ffcf5:   8b 3e 8b 6e 04 89 38 89 68 04 8b 7e 08 89 78 08
0x047ffd05:   8b 35 90 8e d7 07 8b b6 f0 02 00 00 8d 3c 49 8d 


Register to memory mapping:

EAX=0x079bbf04 is an unknown value
EBX=0x07d50000 is an unknown value
ECX=0x00000000 is an unknown value
EDX=0x00000055 is an unknown value
ESP=0x047deb80 is pointing into the stack for thread: 0x0415dc00
EBP=0x047deb8c is pointing into the stack for thread: 0x0415dc00
ESI=0x00000000 is an unknown value
EDI=0x00000000 is an unknown value


Stack: [0x04790000,0x047e0000],  sp=0x047deb80,  free space=314k
Native frames: (J=compiled Java code, j=interpreted, Vv=VM code, C=native code)
C  0x047ffcf5
C  [nvoglv32.DLL+0x96b7fe]  DrvPresentBuffers+0x11d86e
C  [nvoglv32.DLL+0x9682a9]  DrvPresentBuffers+0x11a319
C  [nvoglv32.DLL+0x18abab]
C  [jogl_desktop.dll+0x8c2d]  Java_jogamp_opengl_gl4_GL4bcImpl_dispatch_1glDrawArrays1__IIIJ+0x1d
j  jogamp.opengl.gl4.GL4bcImpl.dispatch_glDrawArrays1(IIIJ)V+0
j  jogamp.opengl.gl4.GL4bcImpl.glDrawArrays(III)V+39
j  jrtr.GLRenderContext.draw(Ljrtr/RenderItem;)V+554
j  jrtr.GLRenderContext.display(Ljavax/media/opengl/GLAutoDrawable;)V+48
j  jrtr.GLRenderPanel$GLRenderContextEventListener.display(Ljavax/media/opengl/GLAutoDrawable;)V+5
j  jogamp.opengl.GLDrawableHelper.displayImpl(Ljavax/media/opengl/GLAutoDrawable;)V+47
j  jogamp.opengl.GLDrawableHelper.display(Ljavax/media/opengl/GLAutoDrawable;)V+2
j  javax.media.opengl.awt.GLCanvas$7.run()V+118
j  jogamp.opengl.GLDrawableHelper.invokeGLImpl(Ljavax/media/opengl/GLDrawable;Ljavax/media/opengl/GLContext;Ljava/lang/Runnable;Ljava/lang/Runnable;Ljavax/media/opengl/GLAutoDrawable;)V+137
j  jogamp.opengl.GLDrawableHelper.invokeGL(Ljavax/media/opengl/GLDrawable;Ljavax/media/opengl/GLContext;Ljava/lang/Runnable;Ljava/lang/Runnable;)V+85
j  javax.media.opengl.awt.GLCanvas$9.run()V+59
j  javax.media.opengl.Threading.invoke(ZLjava/lang/Runnable;Ljava/lang/Object;)V+33
j  javax.media.opengl.awt.GLCanvas.display()V+9
j  javax.media.opengl.awt.GLCanvas.paint(Ljava/awt/Graphics;)V+135
j  sun.awt.RepaintArea.paintComponent(Ljava/awt/Component;Ljava/awt/Graphics;)V+6
j  sun.awt.RepaintArea.paint(Ljava/lang/Object;Z)V+326
j  sun.awt.windows.WComponentPeer.handleEvent(Ljava/awt/AWTEvent;)V+155
j  java.awt.Component.dispatchEventImpl(Ljava/awt/AWTEvent;)V+869
j  java.awt.Component.dispatchEvent(Ljava/awt/AWTEvent;)V+2
j  java.awt.EventQueue.dispatchEventImpl(Ljava/awt/AWTEvent;Ljava/lang/Object;)V+41
j  java.awt.EventQueue.access$200(Ljava/awt/EventQueue;Ljava/awt/AWTEvent;Ljava/lang/Object;)V+3
j  java.awt.EventQueue$3.run()Ljava/lang/Void;+12
j  java.awt.EventQueue$3.run()Ljava/lang/Object;+1
v  ~StubRoutines::call_stub
V  [jvm.dll+0x12a39a]
V  [jvm.dll+0x1d978e]
V  [jvm.dll+0x12a41d]
V  [jvm.dll+0xd9e0a]
C  [java.dll+0x102f]  Java_java_security_AccessController_doPrivileged__Ljava_security_PrivilegedAction_2Ljava_security_AccessControlContext_2+0x17
j  java.security.ProtectionDomain$1.doIntersectionPrivilege(Ljava/security/PrivilegedAction;Ljava/security/AccessControlContext;Ljava/security/AccessControlContext;)Ljava/lang/Object;+28
j  java.security.ProtectionDomain$1.doIntersectionPrivilege(Ljava/security/PrivilegedAction;Ljava/security/AccessControlContext;)Ljava/lang/Object;+6
j  java.awt.EventQueue$4.run()Ljava/lang/Void;+11
j  java.awt.EventQueue$4.run()Ljava/lang/Object;+1
v  ~StubRoutines::call_stub
V  [jvm.dll+0x12a39a]
V  [jvm.dll+0x1d978e]
V  [jvm.dll+0x12a41d]
V  [jvm.dll+0xd9e0a]
C  [java.dll+0x102f]  Java_java_security_AccessController_doPrivileged__Ljava_security_PrivilegedAction_2Ljava_security_AccessControlContext_2+0x17
j  java.security.ProtectionDomain$1.doIntersectionPrivilege(Ljava/security/PrivilegedAction;Ljava/security/AccessControlContext;Ljava/security/AccessControlContext;)Ljava/lang/Object;+28
j  java.awt.EventQueue.dispatchEvent(Ljava/awt/AWTEvent;)V+73
j  java.awt.EventDispatchThread.pumpOneEventForFilters(I)V+245
j  java.awt.EventDispatchThread.pumpEventsForFilter(ILjava/awt/Conditional;Ljava/awt/EventFilter;)V+48
j  java.awt.EventDispatchThread.pumpEventsForHierarchy(ILjava/awt/Conditional;Ljava/awt/Component;)V+11
j  java.awt.EventDispatchThread.pumpEvents(ILjava/awt/Conditional;)V+4
j  java.awt.EventDispatchThread.pumpEvents(Ljava/awt/Conditional;)V+3
j  java.awt.EventDispatchThread.run()V+9
v  ~StubRoutines::call_stub
V  [jvm.dll+0x12a39a]
V  [jvm.dll+0x1d978e]
V  [jvm.dll+0x12a583]
V  [jvm.dll+0x12a5e7]
V  [jvm.dll+0xd315f]
V  [jvm.dll+0x14a697]
V  [jvm.dll+0x14a800]
V  [jvm.dll+0x17efe9]
C  [msvcr100.dll+0x5c6de]  endthreadex+0x3a
C  [msvcr100.dll+0x5c788]  endthreadex+0xe4
C  [KERNEL32.DLL+0x1866]  BaseThreadInitThunk+0x12
C  [ntdll.dll+0x368f1]  LdrInitializeThunk+0x1a3
C  [ntdll.dll+0x3689d]  LdrInitializeThunk+0x14f

Java frames: (J=compiled Java code, j=interpreted, Vv=VM code)
j  jogamp.opengl.gl4.GL4bcImpl.dispatch_glDrawArrays1(IIIJ)V+0
j  jogamp.opengl.gl4.GL4bcImpl.glDrawArrays(III)V+39
j  jrtr.GLRenderContext.draw(Ljrtr/RenderItem;)V+554
j  jrtr.GLRenderContext.display(Ljavax/media/opengl/GLAutoDrawable;)V+48
j  jrtr.GLRenderPanel$GLRenderContextEventListener.display(Ljavax/media/opengl/GLAutoDrawable;)V+5
j  jogamp.opengl.GLDrawableHelper.displayImpl(Ljavax/media/opengl/GLAutoDrawable;)V+47
j  jogamp.opengl.GLDrawableHelper.display(Ljavax/media/opengl/GLAutoDrawable;)V+2
j  javax.media.opengl.awt.GLCanvas$7.run()V+118
j  jogamp.opengl.GLDrawableHelper.invokeGLImpl(Ljavax/media/opengl/GLDrawable;Ljavax/media/opengl/GLContext;Ljava/lang/Runnable;Ljava/lang/Runnable;Ljavax/media/opengl/GLAutoDrawable;)V+137
j  jogamp.opengl.GLDrawableHelper.invokeGL(Ljavax/media/opengl/GLDrawable;Ljavax/media/opengl/GLContext;Ljava/lang/Runnable;Ljava/lang/Runnable;)V+85
j  javax.media.opengl.awt.GLCanvas$9.run()V+59
j  javax.media.opengl.Threading.invoke(ZLjava/lang/Runnable;Ljava/lang/Object;)V+33
j  javax.media.opengl.awt.GLCanvas.display()V+9
j  javax.media.opengl.awt.GLCanvas.paint(Ljava/awt/Graphics;)V+135
j  sun.awt.RepaintArea.paintComponent(Ljava/awt/Component;Ljava/awt/Graphics;)V+6
j  sun.awt.RepaintArea.paint(Ljava/lang/Object;Z)V+326
j  sun.awt.windows.WComponentPeer.handleEvent(Ljava/awt/AWTEvent;)V+155
j  java.awt.Component.dispatchEventImpl(Ljava/awt/AWTEvent;)V+869
j  java.awt.Component.dispatchEvent(Ljava/awt/AWTEvent;)V+2
j  java.awt.EventQueue.dispatchEventImpl(Ljava/awt/AWTEvent;Ljava/lang/Object;)V+41
j  java.awt.EventQueue.access$200(Ljava/awt/EventQueue;Ljava/awt/AWTEvent;Ljava/lang/Object;)V+3
j  java.awt.EventQueue$3.run()Ljava/lang/Void;+12
j  java.awt.EventQueue$3.run()Ljava/lang/Object;+1
v  ~StubRoutines::call_stub
j  java.security.AccessController.doPrivileged(Ljava/security/PrivilegedAction;Ljava/security/AccessControlContext;)Ljava/lang/Object;+0
j  java.security.ProtectionDomain$1.doIntersectionPrivilege(Ljava/security/PrivilegedAction;Ljava/security/AccessControlContext;Ljava/security/AccessControlContext;)Ljava/lang/Object;+28
j  java.security.ProtectionDomain$1.doIntersectionPrivilege(Ljava/security/PrivilegedAction;Ljava/security/AccessControlContext;)Ljava/lang/Object;+6
j  java.awt.EventQueue$4.run()Ljava/lang/Void;+11
j  java.awt.EventQueue$4.run()Ljava/lang/Object;+1
v  ~StubRoutines::call_stub
j  java.security.AccessController.doPrivileged(Ljava/security/PrivilegedAction;Ljava/security/AccessControlContext;)Ljava/lang/Object;+0
j  java.security.ProtectionDomain$1.doIntersectionPrivilege(Ljava/security/PrivilegedAction;Ljava/security/AccessControlContext;Ljava/security/AccessControlContext;)Ljava/lang/Object;+28
j  java.awt.EventQueue.dispatchEvent(Ljava/awt/AWTEvent;)V+73
j  java.awt.EventDispatchThread.pumpOneEventForFilters(I)V+245
j  java.awt.EventDispatchThread.pumpEventsForFilter(ILjava/awt/Conditional;Ljava/awt/EventFilter;)V+48
j  java.awt.EventDispatchThread.pumpEventsForHierarchy(ILjava/awt/Conditional;Ljava/awt/Component;)V+11
j  java.awt.EventDispatchThread.pumpEvents(ILjava/awt/Conditional;)V+4
j  java.awt.EventDispatchThread.pumpEvents(Ljava/awt/Conditional;)V+3
j  java.awt.EventDispatchThread.run()V+9
v  ~StubRoutines::call_stub

---------------  P R O C E S S  ---------------

Java Threads: ( => current thread )
  0x0420fc00 JavaThread "Timer-0" [_thread_blocked, id=1876, stack(0x08440000,0x08490000)]
  0x04203000 JavaThread "D3D Screen Updater" daemon [_thread_blocked, id=4676, stack(0x067c0000,0x06810000)]
  0x0131b000 JavaThread "DestroyJavaVM" [_thread_blocked, id=3540, stack(0x003d0000,0x00420000)]
  0x041a2400 JavaThread "main-SharedResourceRunner" daemon [_thread_blocked, id=2400, stack(0x05500000,0x05550000)]
=>0x0415dc00 JavaThread "AWT-EventQueue-0" [_thread_in_native, id=668, stack(0x04790000,0x047e0000)]
  0x0415d400 JavaThread "AWT-Windows" daemon [_thread_in_native, id=2108, stack(0x04860000,0x048b0000)]
  0x0415cc00 JavaThread "AWT-Shutdown" [_thread_blocked, id=2636, stack(0x04810000,0x04860000)]
  0x038b9400 JavaThread "Java2D Disposer" daemon [_thread_blocked, id=56, stack(0x03a10000,0x03a60000)]
  0x014ba000 JavaThread "Service Thread" daemon [_thread_blocked, id=5444, stack(0x03770000,0x037c0000)]
  0x014aec00 JavaThread "C1 CompilerThread0" daemon [_thread_blocked, id=3992, stack(0x03720000,0x03770000)]
  0x014adc00 JavaThread "Attach Listener" daemon [_thread_blocked, id=2176, stack(0x036d0000,0x03720000)]
  0x014abc00 JavaThread "Signal Dispatcher" daemon [_thread_blocked, id=3880, stack(0x03680000,0x036d0000)]
  0x01495000 JavaThread "Finalizer" daemon [_thread_blocked, id=2676, stack(0x03630000,0x03680000)]
  0x01493800 JavaThread "Reference Handler" daemon [_thread_blocked, id=4980, stack(0x035e0000,0x03630000)]

Other Threads:
  0x01492000 VMThread [stack: 0x03590000,0x035e0000] [id=5404]
  0x014ca800 WatcherThread [stack: 0x037c0000,0x03810000] [id=60]

VM state:not at safepoint (normal execution)

VM Mutex/Monitor currently owned by a thread: None

Heap
 def new generation   total 4928K, used 1497K [0x237e0000, 0x23d30000, 0x28d30000)
  eden space 4416K,  33% used [0x237e0000, 0x239541a0, 0x23c30000)
  from space 512K,   1% used [0x23cb0000, 0x23cb2290, 0x23d30000)
  to   space 512K,   0% used [0x23c30000, 0x23c30000, 0x23cb0000)
 tenured generation   total 10944K, used 6891K [0x28d30000, 0x297e0000, 0x337e0000)
   the space 10944K,  62% used [0x28d30000, 0x293eaf60, 0x293eb000, 0x297e0000)
 compacting perm gen  total 12288K, used 5186K [0x337e0000, 0x343e0000, 0x377e0000)
   the space 12288K,  42% used [0x337e0000, 0x33cf0aa8, 0x33cf0c00, 0x343e0000)
    ro space 10240K,  42% used [0x377e0000, 0x37c20348, 0x37c20400, 0x381e0000)
    rw space 12288K,  54% used [0x381e0000, 0x388606f0, 0x38860800, 0x38de0000)

Card table byte_map: [0x01320000,0x013d0000] byte_map_base: 0x01204100

Polling page: 0x00450000

Code Cache  [0x01500000, 0x01650000, 0x03500000)
 total_blobs=726 nmethods=364 adapters=297 free_code_cache=31431Kb largest_free_block=32185344

Compilation events (10 events):
Event: 1.332 Thread 0x014aec00 nmethod 356 0x01648788 code [0x01648b20, 0x01649c34]
Event: 1.332 Thread 0x014aec00  357             sun.awt.image.ByteInterleavedRaster::setRect (187 bytes)
Event: 1.332 Thread 0x014aec00 nmethod 357 0x0164ae48 code [0x0164af60, 0x0164b138]
Event: 1.332 Thread 0x014aec00  358             sun.awt.image.ByteInterleavedRaster::getDataElements (18 bytes)
Event: 1.332 Thread 0x014aec00 nmethod 358 0x0164b208 code [0x0164b310, 0x0164b3ec]
Event: 1.333 Thread 0x014aec00  359             sun.awt.image.ByteInterleavedRaster::getByteData (851 bytes)
Event: 1.334 Thread 0x014aec00 nmethod 359 0x0164b488 code [0x0164b660, 0x0164c1e4]
Event: 1.334 Thread 0x014aec00  360             javax.imageio.ImageReader::processImageUpdate (73 bytes)
Event: 1.334 Thread 0x014aec00 nmethod 360 0x0164d508 code [0x0164d640, 0x0164d834]
Event: 1.334 Thread 0x014aec00  361             jrtr.GLTexture::getData (107 bytes)

GC Heap History (10 events):
Event: 1.040 GC heap before
{Heap before GC invocations=8 (full 0):
 def new generation   total 4928K, used 4928K [0x237e0000, 0x23d30000, 0x28d30000)
  eden space 4416K, 100% used [0x237e0000, 0x23c30000, 0x23c30000)
  from space 512K, 100% used [0x23c30000, 0x23cb0000, 0x23cb0000)
  to   space 512K,   0% used [0x23cb0000, 0x23cb0000, 0x23d30000)
 tenured generation   total 10944K, used 3895K [0x28d30000, 0x297e0000, 0x337e0000)
   the space 10944K,  35% used [0x28d30000, 0x290fde70, 0x290fe000, 0x297e0000)
 compacting perm gen  total 12288K, used 4559K [0x337e0000, 0x343e0000, 0x377e0000)
   the space 12288K,  37% used [0x337e0000, 0x33c53d00, 0x33c53e00, 0x343e0000)
    ro space 10240K,  42% used [0x377e0000, 0x37c20348, 0x37c20400, 0x381e0000)
    rw space 12288K,  54% used [0x381e0000, 0x388606f0, 0x38860800, 0x38de0000)
Event: 1.042 GC heap after
Heap after GC invocations=9 (full 0):
 def new generation   total 4928K, used 28K [0x237e0000, 0x23d30000, 0x28d30000)
  eden space 4416K,   0% used [0x237e0000, 0x237e0000, 0x23c30000)
  from space 512K,   5% used [0x23cb0000, 0x23cb73c0, 0x23d30000)
  to   space 512K,   0% used [0x23c30000, 0x23c30000, 0x23cb0000)
 tenured generation   total 10944K, used 4348K [0x28d30000, 0x297e0000, 0x337e0000)
   the space 10944K,  39% used [0x28d30000, 0x2916f148, 0x2916f200, 0x297e0000)
 compacting perm gen  total 12288K, used 4559K [0x337e0000, 0x343e0000, 0x377e0000)
   the space 12288K,  37% used [0x337e0000, 0x33c53d00, 0x33c53e00, 0x343e0000)
    ro space 10240K,  42% used [0x377e0000, 0x37c20348, 0x37c20400, 0x381e0000)
    rw space 12288K,  54% used [0x381e0000, 0x388606f0, 0x38860800, 0x38de0000)
}
Event: 1.064 GC heap before
{Heap before GC invocations=9 (full 0):
 def new generation   total 4928K, used 4444K [0x237e0000, 0x23d30000, 0x28d30000)
  eden space 4416K, 100% used [0x237e0000, 0x23c30000, 0x23c30000)
  from space 512K,   5% used [0x23cb0000, 0x23cb73c0, 0x23d30000)
  to   space 512K,   0% used [0x23c30000, 0x23c30000, 0x23cb0000)
 tenured generation   total 10944K, used 4348K [0x28d30000, 0x297e0000, 0x337e0000)
   the space 10944K,  39% used [0x28d30000, 0x2916f148, 0x2916f200, 0x297e0000)
 compacting perm gen  total 12288K, used 4603K [0x337e0000, 0x343e0000, 0x377e0000)
   the space 12288K,  37% used [0x337e0000, 0x33c5ed50, 0x33c5ee00, 0x343e0000)
    ro space 10240K,  42% used [0x377e0000, 0x37c20348, 0x37c20400, 0x381e0000)
    rw space 12288K,  54% used [0x381e0000, 0x388606f0, 0x38860800, 0x38de0000)
Event: 1.065 GC heap after
Heap after GC invocations=10 (full 0):
 def new generation   total 4928K, used 240K [0x237e0000, 0x23d30000, 0x28d30000)
  eden space 4416K,   0% used [0x237e0000, 0x237e0000, 0x23c30000)
  from space 512K,  47% used [0x23c30000, 0x23c6c310, 0x23cb0000)
  to   space 512K,   0% used [0x23cb0000, 0x23cb0000, 0x23d30000)
 tenured generation   total 10944K, used 4348K [0x28d30000, 0x297e0000, 0x337e0000)
   the space 10944K,  39% used [0x28d30000, 0x2916f148, 0x2916f200, 0x297e0000)
 compacting perm gen  total 12288K, used 4603K [0x337e0000, 0x343e0000, 0x377e0000)
   the space 12288K,  37% used [0x337e0000, 0x33c5ed50, 0x33c5ee00, 0x343e0000)
    ro space 10240K,  42% used [0x377e0000, 0x37c20348, 0x37c20400, 0x381e0000)
    rw space 12288K,  54% used [0x381e0000, 0x388606f0, 0x38860800, 0x38de0000)
}
Event: 1.179 GC heap before
{Heap before GC invocations=10 (full 0):
 def new generation   total 4928K, used 4655K [0x237e0000, 0x23d30000, 0x28d30000)
  eden space 4416K,  99% used [0x237e0000, 0x23c2f958, 0x23c30000)
  from space 512K,  47% used [0x23c30000, 0x23c6c310, 0x23cb0000)
  to   space 512K,   0% used [0x23cb0000, 0x23cb0000, 0x23d30000)
 tenured generation   total 10944K, used 4348K [0x28d30000, 0x297e0000, 0x337e0000)
   the space 10944K,  39% used [0x28d30000, 0x2916f148, 0x2916f200, 0x297e0000)
 compacting perm gen  total 12288K, used 5166K [0x337e0000, 0x343e0000, 0x377e0000)
   the space 12288K,  42% used [0x337e0000, 0x33cebb10, 0x33cebc00, 0x343e0000)
    ro space 10240K,  42% used [0x377e0000, 0x37c20348, 0x37c20400, 0x381e0000)
    rw space 12288K,  54% used [0x381e0000, 0x388606f0, 0x38860800, 0x38de0000)
Event: 1.182 GC heap after
Heap after GC invocations=11 (full 0):
 def new generation   total 4928K, used 512K [0x237e0000, 0x23d30000, 0x28d30000)
  eden space 4416K,   0% used [0x237e0000, 0x237e0000, 0x23c30000)
  from space 512K, 100% used [0x23cb0000, 0x23d30000, 0x23d30000)
  to   space 512K,   0% used [0x23c30000, 0x23c30000, 0x23cb0000)
 tenured generation   total 10944K, used 4396K [0x28d30000, 0x297e0000, 0x337e0000)
   the space 10944K,  40% used [0x28d30000, 0x2917b2a8, 0x2917b400, 0x297e0000)
 compacting perm gen  total 12288K, used 5166K [0x337e0000, 0x343e0000, 0x377e0000)
   the space 12288K,  42% used [0x337e0000, 0x33cebb10, 0x33cebc00, 0x343e0000)
    ro space 10240K,  42% used [0x377e0000, 0x37c20348, 0x37c20400, 0x381e0000)
    rw space 12288K,  54% used [0x381e0000, 0x388606f0, 0x38860800, 0x38de0000)
}
Event: 1.294 GC heap before
{Heap before GC invocations=11 (full 0):
 def new generation   total 4928K, used 4547K [0x237e0000, 0x23d30000, 0x28d30000)
  eden space 4416K,  91% used [0x237e0000, 0x23bd0ff8, 0x23c30000)
  from space 512K, 100% used [0x23cb0000, 0x23d30000, 0x23d30000)
  to   space 512K,   0% used [0x23c30000, 0x23c30000, 0x23cb0000)
 tenured generation   total 10944K, used 4396K [0x28d30000, 0x297e0000, 0x337e0000)
   the space 10944K,  40% used [0x28d30000, 0x2917b2a8, 0x2917b400, 0x297e0000)
 compacting perm gen  total 12288K, used 5181K [0x337e0000, 0x343e0000, 0x377e0000)
   the space 12288K,  42% used [0x337e0000, 0x33cef5a8, 0x33cef600, 0x343e0000)
    ro space 10240K,  42% used [0x377e0000, 0x37c20348, 0x37c20400, 0x381e0000)
    rw space 12288K,  54% used [0x381e0000, 0x388606f0, 0x38860800, 0x38de0000)
Event: 1.297 GC heap after
Heap after GC invocations=12 (full 0):
 def new generation   total 4928K, used 13K [0x237e0000, 0x23d30000, 0x28d30000)
  eden space 4416K,   0% used [0x237e0000, 0x237e0000, 0x23c30000)
  from space 512K,   2% used [0x23c30000, 0x23c335f0, 0x23cb0000)
  to   space 512K,   0% used [0x23cb0000, 0x23cb0000, 0x23d30000)
 tenured generation   total 10944K, used 5734K [0x28d30000, 0x297e0000, 0x337e0000)
   the space 10944K,  52% used [0x28d30000, 0x292c9bd0, 0x292c9c00, 0x297e0000)
 compacting perm gen  total 12288K, used 5181K [0x337e0000, 0x343e0000, 0x377e0000)
   the space 12288K,  42% used [0x337e0000, 0x33cef5a8, 0x33cef600, 0x343e0000)
    ro space 10240K,  42% used [0x377e0000, 0x37c20348, 0x37c20400, 0x381e0000)
    rw space 12288K,  54% used [0x381e0000, 0x388606f0, 0x38860800, 0x38de0000)
}
Event: 1.319 GC heap before
{Heap before GC invocations=12 (full 0):
 def new generation   total 4928K, used 4429K [0x237e0000, 0x23d30000, 0x28d30000)
  eden space 4416K, 100% used [0x237e0000, 0x23c30000, 0x23c30000)
  from space 512K,   2% used [0x23c30000, 0x23c335f0, 0x23cb0000)
  to   space 512K,   0% used [0x23cb0000, 0x23cb0000, 0x23d30000)
 tenured generation   total 10944K, used 5734K [0x28d30000, 0x297e0000, 0x337e0000)
   the space 10944K,  52% used [0x28d30000, 0x292c9bd0, 0x292c9c00, 0x297e0000)
 compacting perm gen  total 12288K, used 5181K [0x337e0000, 0x343e0000, 0x377e0000)
   the space 12288K,  42% used [0x337e0000, 0x33cef5b8, 0x33cef600, 0x343e0000)
    ro space 10240K,  42% used [0x377e0000, 0x37c20348, 0x37c20400, 0x381e0000)
    rw space 12288K,  54% used [0x381e0000, 0x388606f0, 0x38860800, 0x38de0000)
Event: 1.321 GC heap after
Heap after GC invocations=13 (full 0):
 def new generation   total 4928K, used 8K [0x237e0000, 0x23d30000, 0x28d30000)
  eden space 4416K,   0% used [0x237e0000, 0x237e0000, 0x23c30000)
  from space 512K,   1% used [0x23cb0000, 0x23cb2290, 0x23d30000)
  to   space 512K,   0% used [0x23c30000, 0x23c30000, 0x23cb0000)
 tenured generation   total 10944K, used 6891K [0x28d30000, 0x297e0000, 0x337e0000)
   the space 10944K,  62% used [0x28d30000, 0x293eaf60, 0x293eb000, 0x297e0000)
 compacting perm gen  total 12288K, used 5181K [0x337e0000, 0x343e0000, 0x377e0000)
   the space 12288K,  42% used [0x337e0000, 0x33cef5b8, 0x33cef600, 0x343e0000)
    ro space 10240K,  42% used [0x377e0000, 0x37c20348, 0x37c20400, 0x381e0000)
    rw space 12288K,  54% used [0x381e0000, 0x388606f0, 0x38860800, 0x38de0000)
}

Deoptimization events (0 events):
No events

Internal exceptions (10 events):
Event: 1.155 Thread 0x0415dc00 Threw 0x23bf1148 at C:\jdk7u1_32P\jdk7u9_3984_new\hotspot\src\share\vm\prims\jvm.cpp:1166
Event: 1.156 Thread 0x0415dc00 Threw 0x23bf4438 at C:\jdk7u1_32P\jdk7u9_3984_new\hotspot\src\share\vm\prims\jvm.cpp:1166
Event: 1.175 Thread 0x0415dc00 Threw 0x23bf8c78 at C:\jdk7u1_32P\jdk7u9_3984_new\hotspot\src\share\vm\prims\jvm.cpp:1166
Event: 1.175 Thread 0x0415dc00 Threw 0x23c00328 at C:\jdk7u1_32P\jdk7u9_3984_new\hotspot\src\share\vm\prims\jvm.cpp:1166
Event: 1.177 Thread 0x0415dc00 Threw 0x23c03a28 at C:\jdk7u1_32P\jdk7u9_3984_new\hotspot\src\share\vm\prims\jvm.cpp:1166
Event: 1.178 Thread 0x0415dc00 Threw 0x23c06ff8 at C:\jdk7u1_32P\jdk7u9_3984_new\hotspot\src\share\vm\prims\jvm.cpp:1166
Event: 1.178 Thread 0x0415dc00 Threw 0x23c14670 at C:\jdk7u1_32P\jdk7u9_3984_new\hotspot\src\share\vm\prims\jvm.cpp:1166
Event: 1.213 Thread 0x0415dc00 Threw 0x2393adc0 at C:\jdk7u1_32P\jdk7u9_3984_new\hotspot\src\share\vm\prims\jvm.cpp:1166
Event: 1.214 Thread 0x0415dc00 Threw 0x239a7178 at C:\jdk7u1_32P\jdk7u9_3984_new\hotspot\src\share\vm\prims\jvm.cpp:1166
Event: 1.327 Thread 0x0415dc00 Threw 0x23941288 at C:\jdk7u1_32P\jdk7u9_3984_new\hotspot\src\share\vm\prims\jvm.cpp:1166

Events (10 events):
Event: 1.213 loading class 0x039ec3d8
Event: 1.213 loading class 0x039ec3d8 done
Event: 1.214 loading class 0x0389e088
Event: 1.214 loading class 0x0389e088 done
Event: 1.294 Executing VM operation: GenCollectForAllocation
Event: 1.297 Executing VM operation: GenCollectForAllocation done
Event: 1.319 Executing VM operation: GenCollectForAllocation
Event: 1.321 Executing VM operation: GenCollectForAllocation done
Event: 1.327 loading class 0x04147ab0
Event: 1.327 loading class 0x04147ab0 done


Dynamic libraries:
0x013d0000 - 0x013ff000 	C:\Program Files\Java\jre7\bin\javaw.exe
0x779e0000 - 0x77b47000 	C:\WINDOWS\SYSTEM32\ntdll.dll
0x75850000 - 0x75948000 	C:\WINDOWS\system32\KERNEL32.DLL
0x750c0000 - 0x7517d000 	C:\WINDOWS\system32\KERNELBASE.dll
0x762b0000 - 0x7635e000 	C:\WINDOWS\system32\ADVAPI32.dll
0x75d00000 - 0x75e21000 	C:\WINDOWS\system32\USER32.dll
0x731a0000 - 0x73397000 	C:\WINDOWS\WinSxS\x86_microsoft.windows.common-controls_6595b64144ccf1df_6.0.9200.16384_none_893961408605e985\COMCTL32.dll
0x764c0000 - 0x76571000 	C:\WINDOWS\system32\msvcrt.dll
0x76360000 - 0x76394000 	C:\WINDOWS\SYSTEM32\sechost.dll
0x75fc0000 - 0x76092000 	C:\WINDOWS\system32\RPCRT4.dll
0x76580000 - 0x7668a000 	C:\WINDOWS\system32\GDI32.dll
0x76110000 - 0x7613b000 	C:\WINDOWS\system32\IMM32.DLL
0x77900000 - 0x779dc000 	C:\WINDOWS\system32\MSCTF.dll
0x6aa80000 - 0x6ab3e000 	C:\Program Files\Java\jre7\bin\msvcr100.dll
0x68290000 - 0x685dd000 	C:\Program Files\Java\jre7\bin\client\jvm.dll
0x6dda0000 - 0x6dda8000 	C:\WINDOWS\SYSTEM32\WSOCK32.dll
0x70f00000 - 0x70f21000 	C:\WINDOWS\SYSTEM32\WINMM.dll
0x75e90000 - 0x75e96000 	C:\WINDOWS\system32\PSAPI.DLL
0x760a0000 - 0x760f0000 	C:\WINDOWS\system32\WS2_32.dll
0x70ed0000 - 0x70efa000 	C:\WINDOWS\SYSTEM32\WINMMBASE.dll
0x75b40000 - 0x75b48000 	C:\WINDOWS\system32\NSI.dll
0x73b00000 - 0x73b0c000 	C:\Program Files\Java\jre7\bin\verify.dll
0x73a90000 - 0x73ab0000 	C:\Program Files\Java\jre7\bin\java.dll
0x73a00000 - 0x73a13000 	C:\Program Files\Java\jre7\bin\zip.dll
0x67be0000 - 0x67d22000 	C:\Program Files\Java\jre7\bin\awt.dll
0x763a0000 - 0x7642b000 	C:\WINDOWS\system32\OLEAUT32.dll
0x75710000 - 0x75846000 	C:\WINDOWS\system32\combase.dll
0x70030000 - 0x700d7000 	C:\WINDOWS\system32\apphelp.dll
0x73870000 - 0x73895000 	C:\Program Files\Java\jre7\bin\jpeg.dll
0x737b0000 - 0x737dd000 	C:\Program Files\Java\jre7\bin\kcms.dll
0x74a20000 - 0x74a3a000 	C:\WINDOWS\SYSTEM32\CRYPTSP.dll
0x74740000 - 0x7477e000 	C:\WINDOWS\system32\rsaenh.dll
0x74810000 - 0x7482b000 	C:\WINDOWS\SYSTEM32\USERENV.dll
0x75020000 - 0x75031000 	C:\WINDOWS\SYSTEM32\profapi.dll
0x74eb0000 - 0x74eb9000 	C:\WINDOWS\SYSTEM32\CRYPTBASE.dll
0x74e50000 - 0x74ea1000 	C:\WINDOWS\SYSTEM32\bcryptPrimitives.dll
0x739c0000 - 0x739d4000 	C:\Program Files\Java\jre7\bin\net.dll
0x749d0000 - 0x74a1a000 	C:\WINDOWS\system32\mswsock.dll
0x6ae70000 - 0x6ae80000 	C:\WINDOWS\system32\napinsp.dll
0x6ae80000 - 0x6ae94000 	C:\WINDOWS\system32\pnrpnsp.dll
0x73e40000 - 0x73e50000 	C:\WINDOWS\system32\NLAapi.dll
0x74860000 - 0x748d5000 	C:\WINDOWS\SYSTEM32\DNSAPI.dll
0x6aea0000 - 0x6aea9000 	C:\WINDOWS\System32\winrnr.dll
0x6aeb0000 - 0x6aec0000 	C:\WINDOWS\system32\wshbth.dll
0x6d0e0000 - 0x6d0e7000 	C:\Windows\System32\rasadhlp.dll
0x70cf0000 - 0x70d10000 	C:\WINDOWS\SYSTEM32\IPHLPAPI.DLL
0x70cc0000 - 0x70cc8000 	C:\WINDOWS\SYSTEM32\WINNSI.DLL
0x70a90000 - 0x70acf000 	C:\WINDOWS\System32\fwpuclnt.dll
0x73950000 - 0x7395f000 	C:\Program Files\Java\jre7\bin\nio.dll
0x637c0000 - 0x637ca000 	C:\Users\Boss\AppData\Local\Temp\jogamp_0000\file_cache\jln5236039148087540152\jln8689709244448015979\gluegen-rt.dll
0x73b60000 - 0x73c07000 	C:\WINDOWS\system32\uxtheme.dll
0x73ae0000 - 0x73af9000 	C:\WINDOWS\SYSTEM32\dwmapi.dll
0x75ea0000 - 0x75fb9000 	C:\WINDOWS\system32\ole32.dll
0x73910000 - 0x73916000 	C:\Program Files\Java\jre7\bin\jawt.dll
0x6a440000 - 0x6a44a000 	C:\Users\Boss\AppData\Local\Temp\jogamp_0000\file_cache\jln5236039148087540152\jln8689709244448015979\nativewindow_awt.dll
0x64350000 - 0x64505000 	C:\WINDOWS\system32\d3d9.dll
0x744e0000 - 0x744e8000 	C:\WINDOWS\SYSTEM32\VERSION.dll
0x620a0000 - 0x62f60000 	C:\WINDOWS\SYSTEM32\nvd3dum.dll
0x74fd0000 - 0x7500f000 	C:\WINDOWS\SYSTEM32\powrprof.dll
0x10000000 - 0x100ea000 	C:\Program Files\NVIDIA Corporation\3D Vision\nvSCPAPI.dll
0x75b50000 - 0x75cff000 	C:\WINDOWS\system32\SETUPAPI.dll
0x726d0000 - 0x7272c000 	C:\WINDOWS\SYSTEM32\dxgi.dll
0x76830000 - 0x778f6000 	C:\WINDOWS\system32\SHELL32.dll
0x75180000 - 0x751c6000 	C:\WINDOWS\system32\CFGMGR32.dll
0x75440000 - 0x7545e000 	C:\WINDOWS\system32\DEVOBJ.dll
0x75b00000 - 0x75b40000 	C:\WINDOWS\system32\SHLWAPI.dll
0x72ae0000 - 0x72d44000 	C:\WINDOWS\SYSTEM32\nvapi.dll
0x75360000 - 0x753a3000 	C:\WINDOWS\system32\WINTRUST.dll
0x751d0000 - 0x75358000 	C:\WINDOWS\system32\CRYPT32.dll
0x750a0000 - 0x750b2000 	C:\WINDOWS\system32\MSASN1.dll
0x75680000 - 0x756f5000 	C:\WINDOWS\SYSTEM32\shcore.dll
0x6c100000 - 0x6c110000 	C:\Users\Boss\AppData\Local\Temp\jogamp_0000\file_cache\jln5236039148087540152\jln8689709244448015979\nativewindow_win32.dll
0x67b10000 - 0x67bde000 	C:\WINDOWS\SYSTEM32\OpenGL32.dll
0x73570000 - 0x73593000 	C:\WINDOWS\SYSTEM32\GLU32.dll
0x673d0000 - 0x674a9000 	C:\WINDOWS\SYSTEM32\DDRAW.dll
0x73860000 - 0x73867000 	C:\WINDOWS\SYSTEM32\DCIMAN32.dll
0x04950000 - 0x049bb000 	C:\Users\Boss\AppData\Local\Temp\jogamp_0000\file_cache\jln5236039148087540152\jln8689709244448015979\jogl_desktop.dll
0x5f2c0000 - 0x605ca000 	C:\WINDOWS\SYSTEM32\nvoglv32.DLL
0x743a0000 - 0x743c6000 	C:\WINDOWS\SYSTEM32\ntmarta.dll
0x72ed0000 - 0x72efa000 	C:\Program Files\Java\jre7\bin\fontmanager.dll
0x71320000 - 0x71449000 	C:\WINDOWS\SYSTEM32\dbghelp.dll

VM Arguments:
jvm_args: -Djava.library.path=D:\Dropbox\Dropbox\uni\3. Semester\Computer Grafik\Assignments\eclipseX\plugins\jogl-2.0-b798-20120826-windows-i586\lib;D:\Dropbox\Dropbox\uni\3. Semester\Computer Grafik\Assignments\eclipseX\plugins\gluegen-2.0-b584-20120826-windows-i586\lib;D:\Dropbox\Dropbox\uni\3. Semester\Computer Grafik\Assignments\eclipseX\plugins\jogl-2.0-b798-20120826-windows-i586\lib;D:\Dropbox\Dropbox\uni\3. Semester\Computer Grafik\Assignments\eclipseX\plugins\gluegen-2.0-b584-20120826-windows-i586\lib -Dfile.encoding=Cp1252 
java_command: Bot
Launcher Type: SUN_STANDARD

Environment Variables:
PATH=C:/Program Files/Java/jre7/bin/client;C:/Program Files/Java/jre7/bin;C:/Program Files/Java/jre7/lib/i386;C:\Program Files\NVIDIA Corporation\PhysX\Common;C:\WINDOWS\system32;C:\WINDOWS;C:\WINDOWS\System32\Wbem;C:\WINDOWS\System32\WindowsPowerShell\v1.0\;C:\Program Files\Git\cmd;D:\Programme\eclipse;
USERNAME=Boss
OS=Windows_NT
PROCESSOR_IDENTIFIER=x86 Family 6 Model 37 Stepping 5, GenuineIntel



---------------  S Y S T E M  ---------------

OS: Windows 8 Build 9200 

CPU:total 4 (2 cores per cpu, 2 threads per core) family 6 model 37 stepping 5, cmov, cx8, fxsr, mmx, sse, sse2, sse3, ssse3, sse4.1, sse4.2, popcnt, ht, tsc, tscinvbit

Memory: 4k page, physical 3397476k(2166688k free), swap 3987300k(2559028k free)

vm_info: Java HotSpot(TM) Client VM (23.5-b02) for windows-x86 JRE (1.7.0_09-b05), built on Sep 24 2012 22:01:33 by "java_re" with unknown MS VC++:1600

time: Thu Nov 22 18:20:53 2012
elapsed time: 1 seconds

