#
# A fatal error has been detected by the Java Runtime Environment:
#
#  EXCEPTION_ACCESS_VIOLATION (0xc0000005) at pc=0x0447fcf6, pid=4604, tid=6020
#
# JRE version: 7.0_09-b05
# Java VM: Java HotSpot(TM) Client VM (23.5-b02 mixed mode, sharing windows-x86 )
# Problematic frame:
# C  0x0447fcf6
#
# Failed to write core dump. Minidumps are not enabled by default on client versions of Windows
#
# If you would like to submit a bug report, please visit:
#   http://bugreport.sun.com/bugreport/crash.jsp
# The crash happened outside the Java Virtual Machine in native code.
# See problematic frame for where to report the bug.
#

---------------  T H R E A D  ---------------

Current thread (0x03d96000):  JavaThread "AWT-EventQueue-0" [_thread_in_native, id=6020, stack(0x045d0000,0x04620000)]

siginfo: ExceptionCode=0xc0000005, reading address 0x00000000

Registers:
EAX=0x06cec0a4, EBX=0x070b0000, ECX=0x00000000, EDX=0x00000024
ESP=0x0461ea80, EBP=0xbf800000, ESI=0x00000000, EDI=0x3f800000
EIP=0x0447fcf6, EFLAGS=0x00010202

Top of Stack: (sp=0x0461ea80)
0x0461ea80:   00000024 070b0000 00000000 0461eac4
0x0461ea90:   53c3b7fe 070b0000 06cec0a0 00000000
0x0461eaa0:   00000024 07115020 070b0000 00000000
0x0461eab0:   0000003f 0447fc80 00000123 00000008
0x0461eac0:   00000000 0461eae4 53c382a9 00000000
0x0461ead0:   00000004 00000000 00000024 00000004
0x0461eae0:   070b0000 0461eb08 5345abab 070b0000
0x0461eaf0:   00000004 00000000 00000024 03d96000 

Instructions: (pc=0x0447fcf6)
0x0447fcd6:   8b 3e 8b 6e 04 89 78 0c 89 68 10 8b 7e 08 89 78
0x0447fce6:   14 8b 35 90 8e 0d 07 8b b6 1c 03 00 00 8d 34 ce
0x0447fcf6:   8b 3e 8b 6e 04 89 78 18 89 68 1c 83 c0 20 41 4a
0x0447fd06:   75 9a 5f 5e 5b 5d c3 00 00 00 00 00 00 00 00 00 


Register to memory mapping:

EAX=0x06cec0a4 is an unknown value
EBX=0x070b0000 is an unknown value
ECX=0x00000000 is an unknown value
EDX=0x00000024 is an unknown value
ESP=0x0461ea80 is pointing into the stack for thread: 0x03d96000
EBP=0xbf800000 is an unknown value
ESI=0x00000000 is an unknown value
EDI=0x3f800000 is an unknown value


Stack: [0x045d0000,0x04620000],  sp=0x0461ea80,  free space=314k
Native frames: (J=compiled Java code, j=interpreted, Vv=VM code, C=native code)
C  0x0447fcf6

[error occurred during error reporting (printing native stack), id 0xc0000005]

Java frames: (J=compiled Java code, j=interpreted, Vv=VM code)
j  jogamp.opengl.gl4.GL4bcImpl.dispatch_glDrawArrays1(IIIJ)V+0
j  jogamp.opengl.gl4.GL4bcImpl.glDrawArrays(III)V+39
j  jrtr.GLRenderContext.draw(Ljrtr/RenderItem;)V+554
j  jrtr.GLRenderContext.display(Ljavax/media/opengl/GLAutoDrawable;)V+48
j  jrtr.GLRenderPanel$GLRenderContextEventListener.display(Ljavax/media/opengl/GLAutoDrawable;)V+5
j  jogamp.opengl.GLDrawableHelper.displayImpl(Ljavax/media/opengl/GLAutoDrawable;)V+47
j  jogamp.opengl.GLDrawableHelper.display(Ljavax/media/opengl/GLAutoDrawable;)V+2
j  javax.media.opengl.awt.GLCanvas$7.run()V+118
j  jogamp.opengl.GLDrawableHelper.invokeGLImpl(Ljavax/media/opengl/GLDrawable;Ljavax/media/opengl/GLContext;Ljava/lang/Runnable;Ljava/lang/Runnable;Ljavax/media/opengl/GLAutoDrawable;)V+137
j  jogamp.opengl.GLDrawableHelper.invokeGL(Ljavax/media/opengl/GLDrawable;Ljavax/media/opengl/GLContext;Ljava/lang/Runnable;Ljava/lang/Runnable;)V+85
j  javax.media.opengl.awt.GLCanvas$9.run()V+59
j  javax.media.opengl.Threading.invoke(ZLjava/lang/Runnable;Ljava/lang/Object;)V+33
j  javax.media.opengl.awt.GLCanvas.display()V+9
j  javax.media.opengl.awt.GLCanvas.paint(Ljava/awt/Graphics;)V+135
j  sun.awt.RepaintArea.paintComponent(Ljava/awt/Component;Ljava/awt/Graphics;)V+6
j  sun.awt.RepaintArea.paint(Ljava/lang/Object;Z)V+326
j  sun.awt.windows.WComponentPeer.handleEvent(Ljava/awt/AWTEvent;)V+155
j  java.awt.Component.dispatchEventImpl(Ljava/awt/AWTEvent;)V+869
j  java.awt.Component.dispatchEvent(Ljava/awt/AWTEvent;)V+2
j  java.awt.EventQueue.dispatchEventImpl(Ljava/awt/AWTEvent;Ljava/lang/Object;)V+41
j  java.awt.EventQueue.access$200(Ljava/awt/EventQueue;Ljava/awt/AWTEvent;Ljava/lang/Object;)V+3
j  java.awt.EventQueue$3.run()Ljava/lang/Void;+12
j  java.awt.EventQueue$3.run()Ljava/lang/Object;+1
v  ~StubRoutines::call_stub
j  java.security.AccessController.doPrivileged(Ljava/security/PrivilegedAction;Ljava/security/AccessControlContext;)Ljava/lang/Object;+0
j  java.security.ProtectionDomain$1.doIntersectionPrivilege(Ljava/security/PrivilegedAction;Ljava/security/AccessControlContext;Ljava/security/AccessControlContext;)Ljava/lang/Object;+28
j  java.security.ProtectionDomain$1.doIntersectionPrivilege(Ljava/security/PrivilegedAction;Ljava/security/AccessControlContext;)Ljava/lang/Object;+6
j  java.awt.EventQueue$4.run()Ljava/lang/Void;+11
j  java.awt.EventQueue$4.run()Ljava/lang/Object;+1
v  ~StubRoutines::call_stub
j  java.security.AccessController.doPrivileged(Ljava/security/PrivilegedAction;Ljava/security/AccessControlContext;)Ljava/lang/Object;+0
j  java.security.ProtectionDomain$1.doIntersectionPrivilege(Ljava/security/PrivilegedAction;Ljava/security/AccessControlContext;Ljava/security/AccessControlContext;)Ljava/lang/Object;+28
j  java.awt.EventQueue.dispatchEvent(Ljava/awt/AWTEvent;)V+73
j  java.awt.EventDispatchThread.pumpOneEventForFilters(I)V+245
j  java.awt.EventDispatchThread.pumpEventsForFilter(ILjava/awt/Conditional;Ljava/awt/EventFilter;)V+48
j  java.awt.EventDispatchThread.pumpEventsForHierarchy(ILjava/awt/Conditional;Ljava/awt/Component;)V+11
j  java.awt.EventDispatchThread.pumpEvents(ILjava/awt/Conditional;)V+4
j  java.awt.EventDispatchThread.pumpEvents(Ljava/awt/Conditional;)V+3
j  java.awt.EventDispatchThread.run()V+9
v  ~StubRoutines::call_stub

---------------  P R O C E S S  ---------------

Java Threads: ( => current thread )
  0x03f84800 JavaThread "Timer-0" [_thread_blocked, id=860, stack(0x077b0000,0x07800000)]
  0x03e4ac00 JavaThread "D3D Screen Updater" daemon [_thread_blocked, id=2624, stack(0x047b0000,0x04800000)]
  0x006ab000 JavaThread "DestroyJavaVM" [_thread_blocked, id=6136, stack(0x00450000,0x004a0000)]
  0x03e29800 JavaThread "main-SharedResourceRunner" daemon [_thread_blocked, id=3552, stack(0x04760000,0x047b0000)]
=>0x03d96000 JavaThread "AWT-EventQueue-0" [_thread_in_native, id=6020, stack(0x045d0000,0x04620000)]
  0x03d95400 JavaThread "AWT-Windows" daemon [_thread_in_native, id=1068, stack(0x044f0000,0x04540000)]
  0x03d95000 JavaThread "AWT-Shutdown" [_thread_blocked, id=2016, stack(0x044a0000,0x044f0000)]
  0x03889400 JavaThread "Java2D Disposer" daemon [_thread_blocked, id=2224, stack(0x039e0000,0x03a30000)]
  0x0076e000 JavaThread "Service Thread" daemon [_thread_blocked, id=3544, stack(0x03740000,0x03790000)]
  0x0075f400 JavaThread "C1 CompilerThread0" daemon [_thread_blocked, id=1332, stack(0x036f0000,0x03740000)]
  0x0075c000 JavaThread "Attach Listener" daemon [_thread_blocked, id=3972, stack(0x036a0000,0x036f0000)]
  0x0075a000 JavaThread "Signal Dispatcher" daemon [_thread_blocked, id=4480, stack(0x009f0000,0x00a40000)]
  0x00748400 JavaThread "Finalizer" daemon [_thread_blocked, id=4556, stack(0x009a0000,0x009f0000)]
  0x00743800 JavaThread "Reference Handler" daemon [_thread_blocked, id=3328, stack(0x00950000,0x009a0000)]

Other Threads:
  0x00742000 VMThread [stack: 0x00900000,0x00950000] [id=3052]
  0x00771000 WatcherThread [stack: 0x03790000,0x037e0000] [id=2308]

VM state:not at safepoint (normal execution)

VM Mutex/Monitor currently owned by a thread: None

Heap
 def new generation   total 4928K, used 1511K [0x237e0000, 0x23d30000, 0x28d30000)
  eden space 4416K,  34% used [0x237e0000, 0x23958520, 0x23c30000)
  from space 512K,   1% used [0x23cb0000, 0x23cb1750, 0x23d30000)
  to   space 512K,   0% used [0x23c30000, 0x23c30000, 0x23cb0000)
 tenured generation   total 10944K, used 6731K [0x28d30000, 0x297e0000, 0x337e0000)
   the space 10944K,  61% used [0x28d30000, 0x293c2f78, 0x293c3000, 0x297e0000)
 compacting perm gen  total 12288K, used 5177K [0x337e0000, 0x343e0000, 0x377e0000)
   the space 12288K,  42% used [0x337e0000, 0x33cee5c8, 0x33cee600, 0x343e0000)
    ro space 10240K,  42% used [0x377e0000, 0x37c20348, 0x37c20400, 0x381e0000)
    rw space 12288K,  54% used [0x381e0000, 0x388606f0, 0x38860800, 0x38de0000)

Card table byte_map: [0x007b0000,0x00860000] byte_map_base: 0x00694100

Polling page: 0x001d0000

Code Cache  [0x016a0000, 0x017f0000, 0x036a0000)
 total_blobs=725 nmethods=364 adapters=296 free_code_cache=31431Kb largest_free_block=32185600

Compilation events (10 events):
Event: 1.281 Thread 0x0075f400  357             sun.awt.image.ByteInterleavedRaster::setRect (187 bytes)
Event: 1.282 Thread 0x0075f400 nmethod 357 0x017ead48 code [0x017eae60, 0x017eb038]
Event: 1.282 Thread 0x0075f400  358             sun.awt.image.ByteInterleavedRaster::getDataElements (18 bytes)
Event: 1.282 Thread 0x0075f400 nmethod 358 0x017eb108 code [0x017eb210, 0x017eb2ec]
Event: 1.282 Thread 0x0075f400  359             sun.awt.image.ByteInterleavedRaster::getByteData (851 bytes)
Event: 1.283 Thread 0x0075f400 nmethod 359 0x017eb388 code [0x017eb560, 0x017ec0e4]
Event: 1.283 Thread 0x0075f400  360             javax.imageio.ImageReader::processImageUpdate (73 bytes)
Event: 1.283 Thread 0x0075f400 nmethod 360 0x017ed408 code [0x017ed540, 0x017ed734]
Event: 1.283 Thread 0x0075f400  361             jrtr.GLTexture::getData (107 bytes)
Event: 1.284 Thread 0x0075f400 nmethod 361 0x017ed908 code [0x017eda60, 0x017eddd0]

GC Heap History (10 events):
Event: 0.975 GC heap before
{Heap before GC invocations=8 (full 0):
 def new generation   total 4928K, used 4928K [0x237e0000, 0x23d30000, 0x28d30000)
  eden space 4416K, 100% used [0x237e0000, 0x23c30000, 0x23c30000)
  from space 512K, 100% used [0x23c30000, 0x23cb0000, 0x23cb0000)
  to   space 512K,   0% used [0x23cb0000, 0x23cb0000, 0x23d30000)
 tenured generation   total 10944K, used 3734K [0x28d30000, 0x297e0000, 0x337e0000)
   the space 10944K,  34% used [0x28d30000, 0x290d5bb0, 0x290d5c00, 0x297e0000)
 compacting perm gen  total 12288K, used 4550K [0x337e0000, 0x343e0000, 0x377e0000)
   the space 12288K,  37% used [0x337e0000, 0x33c51b50, 0x33c51c00, 0x343e0000)
    ro space 10240K,  42% used [0x377e0000, 0x37c20348, 0x37c20400, 0x381e0000)
    rw space 12288K,  54% used [0x381e0000, 0x388606f0, 0x38860800, 0x38de0000)
Event: 0.977 GC heap after
Heap after GC invocations=9 (full 0):
 def new generation   total 4928K, used 28K [0x237e0000, 0x23d30000, 0x28d30000)
  eden space 4416K,   0% used [0x237e0000, 0x237e0000, 0x23c30000)
  from space 512K,   5% used [0x23cb0000, 0x23cb71e0, 0x23d30000)
  to   space 512K,   0% used [0x23c30000, 0x23c30000, 0x23cb0000)
 tenured generation   total 10944K, used 4187K [0x28d30000, 0x297e0000, 0x337e0000)
   the space 10944K,  38% used [0x28d30000, 0x29146fe0, 0x29147000, 0x297e0000)
 compacting perm gen  total 12288K, used 4550K [0x337e0000, 0x343e0000, 0x377e0000)
   the space 12288K,  37% used [0x337e0000, 0x33c51b50, 0x33c51c00, 0x343e0000)
    ro space 10240K,  42% used [0x377e0000, 0x37c20348, 0x37c20400, 0x381e0000)
    rw space 12288K,  54% used [0x381e0000, 0x388606f0, 0x38860800, 0x38de0000)
}
Event: 0.999 GC heap before
{Heap before GC invocations=9 (full 0):
 def new generation   total 4928K, used 4444K [0x237e0000, 0x23d30000, 0x28d30000)
  eden space 4416K, 100% used [0x237e0000, 0x23c30000, 0x23c30000)
  from space 512K,   5% used [0x23cb0000, 0x23cb71e0, 0x23d30000)
  to   space 512K,   0% used [0x23c30000, 0x23c30000, 0x23cb0000)
 tenured generation   total 10944K, used 4187K [0x28d30000, 0x297e0000, 0x337e0000)
   the space 10944K,  38% used [0x28d30000, 0x29146fe0, 0x29147000, 0x297e0000)
 compacting perm gen  total 12288K, used 4594K [0x337e0000, 0x343e0000, 0x377e0000)
   the space 12288K,  37% used [0x337e0000, 0x33c5cba0, 0x33c5cc00, 0x343e0000)
    ro space 10240K,  42% used [0x377e0000, 0x37c20348, 0x37c20400, 0x381e0000)
    rw space 12288K,  54% used [0x381e0000, 0x388606f0, 0x38860800, 0x38de0000)
Event: 1.001 GC heap after
Heap after GC invocations=10 (full 0):
 def new generation   total 4928K, used 240K [0x237e0000, 0x23d30000, 0x28d30000)
  eden space 4416K,   0% used [0x237e0000, 0x237e0000, 0x23c30000)
  from space 512K,  46% used [0x23c30000, 0x23c6c1a8, 0x23cb0000)
  to   space 512K,   0% used [0x23cb0000, 0x23cb0000, 0x23d30000)
 tenured generation   total 10944K, used 4187K [0x28d30000, 0x297e0000, 0x337e0000)
   the space 10944K,  38% used [0x28d30000, 0x29146fe0, 0x29147000, 0x297e0000)
 compacting perm gen  total 12288K, used 4594K [0x337e0000, 0x343e0000, 0x377e0000)
   the space 12288K,  37% used [0x337e0000, 0x33c5cba0, 0x33c5cc00, 0x343e0000)
    ro space 10240K,  42% used [0x377e0000, 0x37c20348, 0x37c20400, 0x381e0000)
    rw space 12288K,  54% used [0x381e0000, 0x388606f0, 0x38860800, 0x38de0000)
}
Event: 1.121 GC heap before
{Heap before GC invocations=10 (full 0):
 def new generation   total 4928K, used 4656K [0x237e0000, 0x23d30000, 0x28d30000)
  eden space 4416K, 100% used [0x237e0000, 0x23c30000, 0x23c30000)
  from space 512K,  46% used [0x23c30000, 0x23c6c1a8, 0x23cb0000)
  to   space 512K,   0% used [0x23cb0000, 0x23cb0000, 0x23d30000)
 tenured generation   total 10944K, used 4187K [0x28d30000, 0x297e0000, 0x337e0000)
   the space 10944K,  38% used [0x28d30000, 0x29146fe0, 0x29147000, 0x297e0000)
 compacting perm gen  total 12288K, used 5157K [0x337e0000, 0x343e0000, 0x377e0000)
   the space 12288K,  41% used [0x337e0000, 0x33ce9630, 0x33ce9800, 0x343e0000)
    ro space 10240K,  42% used [0x377e0000, 0x37c20348, 0x37c20400, 0x381e0000)
    rw space 12288K,  54% used [0x381e0000, 0x388606f0, 0x38860800, 0x38de0000)
Event: 1.125 GC heap after
Heap after GC invocations=11 (full 0):
 def new generation   total 4928K, used 512K [0x237e0000, 0x23d30000, 0x28d30000)
  eden space 4416K,   0% used [0x237e0000, 0x237e0000, 0x23c30000)
  from space 512K, 100% used [0x23cb0000, 0x23d30000, 0x23d30000)
  to   space 512K,   0% used [0x23c30000, 0x23c30000, 0x23cb0000)
 tenured generation   total 10944K, used 4235K [0x28d30000, 0x297e0000, 0x337e0000)
   the space 10944K,  38% used [0x28d30000, 0x29152f50, 0x29153000, 0x297e0000)
 compacting perm gen  total 12288K, used 5157K [0x337e0000, 0x343e0000, 0x377e0000)
   the space 12288K,  41% used [0x337e0000, 0x33ce9630, 0x33ce9800, 0x343e0000)
    ro space 10240K,  42% used [0x377e0000, 0x37c20348, 0x37c20400, 0x381e0000)
    rw space 12288K,  54% used [0x381e0000, 0x388606f0, 0x38860800, 0x38de0000)
}
Event: 1.243 GC heap before
{Heap before GC invocations=11 (full 0):
 def new generation   total 4928K, used 4554K [0x237e0000, 0x23d30000, 0x28d30000)
  eden space 4416K,  91% used [0x237e0000, 0x23bd2b28, 0x23c30000)
  from space 512K, 100% used [0x23cb0000, 0x23d30000, 0x23d30000)
  to   space 512K,   0% used [0x23c30000, 0x23c30000, 0x23cb0000)
 tenured generation   total 10944K, used 4235K [0x28d30000, 0x297e0000, 0x337e0000)
   the space 10944K,  38% used [0x28d30000, 0x29152f50, 0x29153000, 0x297e0000)
 compacting perm gen  total 12288K, used 5172K [0x337e0000, 0x343e0000, 0x377e0000)
   the space 12288K,  42% used [0x337e0000, 0x33ced0c8, 0x33ced200, 0x343e0000)
    ro space 10240K,  42% used [0x377e0000, 0x37c20348, 0x37c20400, 0x381e0000)
    rw space 12288K,  54% used [0x381e0000, 0x388606f0, 0x38860800, 0x38de0000)
Event: 1.246 GC heap after
Heap after GC invocations=12 (full 0):
 def new generation   total 4928K, used 10K [0x237e0000, 0x23d30000, 0x28d30000)
  eden space 4416K,   0% used [0x237e0000, 0x237e0000, 0x23c30000)
  from space 512K,   2% used [0x23c30000, 0x23c32ab0, 0x23cb0000)
  to   space 512K,   0% used [0x23cb0000, 0x23cb0000, 0x23d30000)
 tenured generation   total 10944K, used 5574K [0x28d30000, 0x297e0000, 0x337e0000)
   the space 10944K,  50% used [0x28d30000, 0x292a1be8, 0x292a1c00, 0x297e0000)
 compacting perm gen  total 12288K, used 5172K [0x337e0000, 0x343e0000, 0x377e0000)
   the space 12288K,  42% used [0x337e0000, 0x33ced0c8, 0x33ced200, 0x343e0000)
    ro space 10240K,  42% used [0x377e0000, 0x37c20348, 0x37c20400, 0x381e0000)
    rw space 12288K,  54% used [0x381e0000, 0x388606f0, 0x38860800, 0x38de0000)
}
Event: 1.268 GC heap before
{Heap before GC invocations=12 (full 0):
 def new generation   total 4928K, used 4426K [0x237e0000, 0x23d30000, 0x28d30000)
  eden space 4416K, 100% used [0x237e0000, 0x23c30000, 0x23c30000)
  from space 512K,   2% used [0x23c30000, 0x23c32ab0, 0x23cb0000)
  to   space 512K,   0% used [0x23cb0000, 0x23cb0000, 0x23d30000)
 tenured generation   total 10944K, used 5574K [0x28d30000, 0x297e0000, 0x337e0000)
   the space 10944K,  50% used [0x28d30000, 0x292a1be8, 0x292a1c00, 0x297e0000)
 compacting perm gen  total 12288K, used 5172K [0x337e0000, 0x343e0000, 0x377e0000)
   the space 12288K,  42% used [0x337e0000, 0x33ced0d8, 0x33ced200, 0x343e0000)
    ro space 10240K,  42% used [0x377e0000, 0x37c20348, 0x37c20400, 0x381e0000)
    rw space 12288K,  54% used [0x381e0000, 0x388606f0, 0x38860800, 0x38de0000)
Event: 1.269 GC heap after
Heap after GC invocations=13 (full 0):
 def new generation   total 4928K, used 5K [0x237e0000, 0x23d30000, 0x28d30000)
  eden space 4416K,   0% used [0x237e0000, 0x237e0000, 0x23c30000)
  from space 512K,   1% used [0x23cb0000, 0x23cb1750, 0x23d30000)
  to   space 512K,   0% used [0x23c30000, 0x23c30000, 0x23cb0000)
 tenured generation   total 10944K, used 6731K [0x28d30000, 0x297e0000, 0x337e0000)
   the space 10944K,  61% used [0x28d30000, 0x293c2f78, 0x293c3000, 0x297e0000)
 compacting perm gen  total 12288K, used 5172K [0x337e0000, 0x343e0000, 0x377e0000)
   the space 12288K,  42% used [0x337e0000, 0x33ced0d8, 0x33ced200, 0x343e0000)
    ro space 10240K,  42% used [0x377e0000, 0x37c20348, 0x37c20400, 0x381e0000)
    rw space 12288K,  54% used [0x381e0000, 0x388606f0, 0x38860800, 0x38de0000)
}

Deoptimization events (0 events):
No events

Internal exceptions (10 events):
Event: 1.096 Thread 0x03d96000 Threw 0x23be8318 at C:\jdk7u1_32P\jdk7u9_3984_new\hotspot\src\share\vm\prims\jvm.cpp:1166
Event: 1.097 Thread 0x03d96000 Threw 0x23beb608 at C:\jdk7u1_32P\jdk7u9_3984_new\hotspot\src\share\vm\prims\jvm.cpp:1166
Event: 1.117 Thread 0x03d96000 Threw 0x23befe48 at C:\jdk7u1_32P\jdk7u9_3984_new\hotspot\src\share\vm\prims\jvm.cpp:1166
Event: 1.118 Thread 0x03d96000 Threw 0x23bf74f8 at C:\jdk7u1_32P\jdk7u9_3984_new\hotspot\src\share\vm\prims\jvm.cpp:1166
Event: 1.120 Thread 0x03d96000 Threw 0x23bfac00 at C:\jdk7u1_32P\jdk7u9_3984_new\hotspot\src\share\vm\prims\jvm.cpp:1166
Event: 1.120 Thread 0x03d96000 Threw 0x23bfe030 at C:\jdk7u1_32P\jdk7u9_3984_new\hotspot\src\share\vm\prims\jvm.cpp:1166
Event: 1.121 Thread 0x03d96000 Threw 0x23c0b6c0 at C:\jdk7u1_32P\jdk7u9_3984_new\hotspot\src\share\vm\prims\jvm.cpp:1166
Event: 1.163 Thread 0x03d96000 Threw 0x23940438 at C:\jdk7u1_32P\jdk7u9_3984_new\hotspot\src\share\vm\prims\jvm.cpp:1166
Event: 1.165 Thread 0x03d96000 Threw 0x239a3a18 at C:\jdk7u1_32P\jdk7u9_3984_new\hotspot\src\share\vm\prims\jvm.cpp:1166
Event: 1.275 Thread 0x03d96000 Threw 0x23940f78 at C:\jdk7u1_32P\jdk7u9_3984_new\hotspot\src\share\vm\prims\jvm.cpp:1166

Events (10 events):
Event: 1.163 loading class 0x039b7170
Event: 1.163 loading class 0x039b7170 done
Event: 1.165 loading class 0x03872430
Event: 1.165 loading class 0x03872430 done
Event: 1.243 Executing VM operation: GenCollectForAllocation
Event: 1.247 Executing VM operation: GenCollectForAllocation done
Event: 1.268 Executing VM operation: GenCollectForAllocation
Event: 1.269 Executing VM operation: GenCollectForAllocation done
Event: 1.275 loading class 0x03d7cbc0
Event: 1.275 loading class 0x03d7cbc0 done


Dynamic libraries:
0x00a70000 - 0x00a9f000 	C:\Program Files\Java\jre7\bin\javaw.exe
0x77470000 - 0x775d7000 	C:\WINDOWS\SYSTEM32\ntdll.dll
0x74f80000 - 0x75078000 	C:\WINDOWS\system32\KERNEL32.DLL
0x74b50000 - 0x74c0d000 	C:\WINDOWS\system32\KERNELBASE.dll
0x75110000 - 0x751be000 	C:\WINDOWS\system32\ADVAPI32.dll
0x754e0000 - 0x75601000 	C:\WINDOWS\system32\USER32.dll
0x71be0000 - 0x71dd7000 	C:\WINDOWS\WinSxS\x86_microsoft.windows.common-controls_6595b64144ccf1df_6.0.9200.16384_none_893961408605e985\COMCTL32.dll
0x752b0000 - 0x75361000 	C:\WINDOWS\system32\msvcrt.dll
0x77350000 - 0x77384000 	C:\WINDOWS\SYSTEM32\sechost.dll
0x751d0000 - 0x752a2000 	C:\WINDOWS\system32\RPCRT4.dll
0x76c90000 - 0x76d9a000 	C:\WINDOWS\system32\GDI32.dll
0x76e90000 - 0x76ebb000 	C:\WINDOWS\system32\IMM32.DLL
0x77390000 - 0x7746c000 	C:\WINDOWS\system32\MSCTF.dll
0x6bad0000 - 0x6bb8e000 	C:\Program Files\Java\jre7\bin\msvcr100.dll
0x57d30000 - 0x5807d000 	C:\Program Files\Java\jre7\bin\client\jvm.dll
0x723e0000 - 0x723e8000 	C:\WINDOWS\SYSTEM32\WSOCK32.dll
0x6f250000 - 0x6f271000 	C:\WINDOWS\SYSTEM32\WINMM.dll
0x751c0000 - 0x751c6000 	C:\WINDOWS\system32\PSAPI.DLL
0x75750000 - 0x757a0000 	C:\WINDOWS\system32\WS2_32.dll
0x6f0c0000 - 0x6f0ea000 	C:\WINDOWS\SYSTEM32\WINMMBASE.dll
0x76ec0000 - 0x76ec8000 	C:\WINDOWS\system32\NSI.dll
0x73560000 - 0x7356c000 	C:\Program Files\Java\jre7\bin\verify.dll
0x71610000 - 0x71630000 	C:\Program Files\Java\jre7\bin\java.dll
0x71470000 - 0x71483000 	C:\Program Files\Java\jre7\bin\zip.dll
0x57b70000 - 0x57cb2000 	C:\Program Files\Java\jre7\bin\awt.dll
0x74ef0000 - 0x74f7b000 	C:\WINDOWS\system32\OLEAUT32.dll
0x75610000 - 0x75746000 	C:\WINDOWS\system32\combase.dll
0x6fb60000 - 0x6fc07000 	C:\WINDOWS\system32\apphelp.dll
0x72ab0000 - 0x72ad5000 	C:\Program Files\Java\jre7\bin\jpeg.dll
0x72a80000 - 0x72aad000 	C:\Program Files\Java\jre7\bin\kcms.dll
0x744b0000 - 0x744ca000 	C:\WINDOWS\SYSTEM32\CRYPTSP.dll
0x741d0000 - 0x7420e000 	C:\WINDOWS\system32\rsaenh.dll
0x742a0000 - 0x742bb000 	C:\WINDOWS\SYSTEM32\USERENV.dll
0x74ab0000 - 0x74ac1000 	C:\WINDOWS\SYSTEM32\profapi.dll
0x74940000 - 0x74949000 	C:\WINDOWS\SYSTEM32\CRYPTBASE.dll
0x748e0000 - 0x74931000 	C:\WINDOWS\SYSTEM32\bcryptPrimitives.dll
0x71450000 - 0x71464000 	C:\Program Files\Java\jre7\bin\net.dll
0x74460000 - 0x744aa000 	C:\WINDOWS\system32\mswsock.dll
0x6dde0000 - 0x6ddf0000 	C:\WINDOWS\system32\napinsp.dll
0x6ddf0000 - 0x6de04000 	C:\WINDOWS\system32\pnrpnsp.dll
0x73740000 - 0x73750000 	C:\WINDOWS\system32\NLAapi.dll
0x742f0000 - 0x74365000 	C:\WINDOWS\SYSTEM32\DNSAPI.dll
0x6de10000 - 0x6de19000 	C:\WINDOWS\System32\winrnr.dll
0x6de20000 - 0x6de30000 	C:\WINDOWS\system32\wshbth.dll
0x6dc90000 - 0x6dc97000 	C:\Windows\System32\rasadhlp.dll
0x70a60000 - 0x70a80000 	C:\WINDOWS\SYSTEM32\IPHLPAPI.DLL
0x70a30000 - 0x70a38000 	C:\WINDOWS\SYSTEM32\WINNSI.DLL
0x706e0000 - 0x7071f000 	C:\WINDOWS\System32\fwpuclnt.dll
0x73470000 - 0x7347f000 	C:\Program Files\Java\jre7\bin\nio.dll
0x637c0000 - 0x637ca000 	C:\Users\Boss\AppData\Local\Temp\jogamp_0000\file_cache\jln2376382669912536971\jln2073792916505314018\gluegen-rt.dll
0x73b60000 - 0x73c07000 	C:\WINDOWS\system32\uxtheme.dll
0x73940000 - 0x73959000 	C:\WINDOWS\SYSTEM32\dwmapi.dll
0x77090000 - 0x771a9000 	C:\WINDOWS\system32\ole32.dll
0x72de0000 - 0x72de6000 	C:\Program Files\Java\jre7\bin\jawt.dll
0x6a440000 - 0x6a44a000 	C:\Users\Boss\AppData\Local\Temp\jogamp_0000\file_cache\jln2376382669912536971\jln2073792916505314018\nativewindow_awt.dll
0x6a910000 - 0x6aac5000 	C:\WINDOWS\system32\d3d9.dll
0x73f40000 - 0x73f48000 	C:\WINDOWS\SYSTEM32\VERSION.dll
0x60f90000 - 0x61e50000 	C:\WINDOWS\SYSTEM32\nvd3dum.dll
0x74a60000 - 0x74a9f000 	C:\WINDOWS\SYSTEM32\powrprof.dll
0x10000000 - 0x100ea000 	C:\Program Files\NVIDIA Corporation\3D Vision\nvSCPAPI.dll
0x75800000 - 0x759af000 	C:\WINDOWS\system32\SETUPAPI.dll
0x723f0000 - 0x7244c000 	C:\WINDOWS\SYSTEM32\dxgi.dll
0x759b0000 - 0x76a76000 	C:\WINDOWS\system32\SHELL32.dll
0x74da0000 - 0x74de6000 	C:\WINDOWS\system32\CFGMGR32.dll
0x74e40000 - 0x74e5e000 	C:\WINDOWS\system32\DEVOBJ.dll
0x757a0000 - 0x757e0000 	C:\WINDOWS\system32\SHLWAPI.dll
0x6b590000 - 0x6b7f4000 	C:\WINDOWS\SYSTEM32\nvapi.dll
0x74df0000 - 0x74e33000 	C:\WINDOWS\system32\WINTRUST.dll
0x74c10000 - 0x74d98000 	C:\WINDOWS\system32\CRYPT32.dll
0x74b30000 - 0x74b42000 	C:\WINDOWS\system32\MSASN1.dll
0x76e10000 - 0x76e85000 	C:\WINDOWS\SYSTEM32\shcore.dll
0x6c100000 - 0x6c110000 	C:\Users\Boss\AppData\Local\Temp\jogamp_0000\file_cache\jln2376382669912536971\jln2073792916505314018\nativewindow_win32.dll
0x57660000 - 0x5772e000 	C:\WINDOWS\SYSTEM32\OpenGL32.dll
0x71310000 - 0x71333000 	C:\WINDOWS\SYSTEM32\GLU32.dll
0x57430000 - 0x57509000 	C:\WINDOWS\SYSTEM32\DDRAW.dll
0x72850000 - 0x72857000 	C:\WINDOWS\SYSTEM32\DCIMAN32.dll
0x64500000 - 0x6456b000 	C:\Users\Boss\AppData\Local\Temp\jogamp_0000\file_cache\jln2376382669912536971\jln2073792916505314018\jogl_desktop.dll
0x532d0000 - 0x545da000 	C:\WINDOWS\SYSTEM32\nvoglv32.DLL
0x74030000 - 0x74056000 	C:\WINDOWS\SYSTEM32\ntmarta.dll
0x70ef0000 - 0x70f1a000 	C:\Program Files\Java\jre7\bin\fontmanager.dll
0x71e90000 - 0x71fb9000 	C:\WINDOWS\SYSTEM32\dbghelp.dll

VM Arguments:
jvm_args: -Djava.library.path=D:\Dropbox\Dropbox\uni\3. Semester\Computer Grafik\Assignments\eclipseX\plugins\jogl-2.0-b798-20120826-windows-i586\lib;D:\Dropbox\Dropbox\uni\3. Semester\Computer Grafik\Assignments\eclipseX\plugins\gluegen-2.0-b584-20120826-windows-i586\lib;D:\Dropbox\Dropbox\uni\3. Semester\Computer Grafik\Assignments\eclipseX\plugins\jogl-2.0-b798-20120826-windows-i586\lib;D:\Dropbox\Dropbox\uni\3. Semester\Computer Grafik\Assignments\eclipseX\plugins\gluegen-2.0-b584-20120826-windows-i586\lib -Dfile.encoding=Cp1252 
java_command: simple
Launcher Type: SUN_STANDARD

Environment Variables:
PATH=C:/Program Files/Java/jre7/bin/client;C:/Program Files/Java/jre7/bin;C:/Program Files/Java/jre7/lib/i386;C:\Program Files\NVIDIA Corporation\PhysX\Common;C:\WINDOWS\system32;C:\WINDOWS;C:\WINDOWS\System32\Wbem;C:\WINDOWS\System32\WindowsPowerShell\v1.0\;C:\Program Files\Git\cmd;D:\Programme\eclipse;
USERNAME=Boss
OS=Windows_NT
PROCESSOR_IDENTIFIER=x86 Family 6 Model 37 Stepping 5, GenuineIntel



---------------  S Y S T E M  ---------------

OS: Windows 8 Build 9200 

CPU:total 4 (2 cores per cpu, 2 threads per core) family 6 model 37 stepping 5, cmov, cx8, fxsr, mmx, sse, sse2, sse3, ssse3, sse4.1, sse4.2, popcnt, ht, tsc, tscinvbit

Memory: 4k page, physical 3397476k(1726864k free), swap 3987300k(2040584k free)

vm_info: Java HotSpot(TM) Client VM (23.5-b02) for windows-x86 JRE (1.7.0_09-b05), built on Sep 24 2012 22:01:33 by "java_re" with unknown MS VC++:1600

time: Sat Nov 17 17:52:04 2012
elapsed time: 1 seconds

