#
# A fatal error has been detected by the Java Runtime Environment:
#
#  EXCEPTION_ACCESS_VIOLATION (0xc0000005) at pc=0x193bfcf6, pid=2464, tid=3860
#
# JRE version: 7.0_09-b05
# Java VM: Java HotSpot(TM) Client VM (23.5-b02 mixed mode windows-x86 )
# Problematic frame:
# C  0x193bfcf6
#
# Failed to write core dump. Minidumps are not enabled by default on client versions of Windows
#
# If you would like to submit a bug report, please visit:
#   http://bugreport.sun.com/bugreport/crash.jsp
# The crash happened outside the Java Virtual Machine in native code.
# See problematic frame for where to report the bug.
#

---------------  T H R E A D  ---------------

Current thread (0x18c70400):  JavaThread "AWT-EventQueue-0" [_thread_in_native, id=3860, stack(0x1b3f0000,0x1b440000)]

siginfo: ExceptionCode=0xc0000005, reading address 0x00000000

Registers:
EAX=0x1cbac1ec, EBX=0x1cfa0000, ECX=0x00000000, EDX=0x00000024
ESP=0x1b43e950, EBP=0xbf800000, ESI=0x00000000, EDI=0x3f800000
EIP=0x193bfcf6, EFLAGS=0x00010202

Top of Stack: (sp=0x1b43e950)
0x1b43e950:   00000024 1cfa0000 00000000 1b43e994
0x1b43e960:   5f83b7fe 1cfa0000 1cbac1e8 00000000
0x1b43e970:   00000024 1d00f020 1cfa0000 00000000
0x1b43e980:   0000003f 193bfc80 00000123 00000008
0x1b43e990:   00000000 1b43e9b4 5f8382a9 00000000
0x1b43e9a0:   00000004 00000000 00000024 00000004
0x1b43e9b0:   1cfa0000 1b43e9d8 5f05abab 1cfa0000
0x1b43e9c0:   00000004 00000000 00000024 18c70400 

Instructions: (pc=0x193bfcf6)
0x193bfcd6:   8b 3e 8b 6e 04 89 78 0c 89 68 10 8b 7e 08 89 78
0x193bfce6:   14 8b 35 90 8e fc 1c 8b b6 1c 03 00 00 8d 34 ce
0x193bfcf6:   8b 3e 8b 6e 04 89 78 18 89 68 1c 83 c0 20 41 4a
0x193bfd06:   75 9a 5f 5e 5b 5d c3 00 00 00 00 00 00 00 00 00 


Register to memory mapping:

EAX=0x1cbac1ec is an unknown value
EBX=0x1cfa0000 is an unknown value
ECX=0x00000000 is an unknown value
EDX=0x00000024 is an unknown value
ESP=0x1b43e950 is pointing into the stack for thread: 0x18c70400
EBP=0xbf800000 is an unknown value
ESI=0x00000000 is an unknown value
EDI=0x3f800000 is an unknown value


Stack: [0x1b3f0000,0x1b440000],  sp=0x1b43e950,  free space=314k
Native frames: (J=compiled Java code, j=interpreted, Vv=VM code, C=native code)
C  0x193bfcf6

[error occurred during error reporting (printing native stack), id 0xc0000005]

Java frames: (J=compiled Java code, j=interpreted, Vv=VM code)
j  jogamp.opengl.gl4.GL4bcImpl.dispatch_glDrawArrays1(IIIJ)V+0
j  jogamp.opengl.gl4.GL4bcImpl.glDrawArrays(III)V+39
j  jrtr.GLRenderContext.draw(Ljrtr/RenderItem;)V+508
j  jrtr.GLRenderContext.display(Ljavax/media/opengl/GLAutoDrawable;)V+48
j  jrtr.GLRenderPanel$GLRenderContextEventListener.display(Ljavax/media/opengl/GLAutoDrawable;)V+5
j  jogamp.opengl.GLDrawableHelper.displayImpl(Ljavax/media/opengl/GLAutoDrawable;)V+47
j  jogamp.opengl.GLDrawableHelper.display(Ljavax/media/opengl/GLAutoDrawable;)V+2
j  javax.media.opengl.awt.GLCanvas$7.run()V+118
j  jogamp.opengl.GLDrawableHelper.invokeGLImpl(Ljavax/media/opengl/GLDrawable;Ljavax/media/opengl/GLContext;Ljava/lang/Runnable;Ljava/lang/Runnable;Ljavax/media/opengl/GLAutoDrawable;)V+137
j  jogamp.opengl.GLDrawableHelper.invokeGL(Ljavax/media/opengl/GLDrawable;Ljavax/media/opengl/GLContext;Ljava/lang/Runnable;Ljava/lang/Runnable;)V+85
j  javax.media.opengl.awt.GLCanvas$9.run()V+59
j  javax.media.opengl.Threading.invoke(ZLjava/lang/Runnable;Ljava/lang/Object;)V+33
j  javax.media.opengl.awt.GLCanvas.display()V+9
j  javax.media.opengl.awt.GLCanvas.paint(Ljava/awt/Graphics;)V+135
j  sun.awt.RepaintArea.paintComponent(Ljava/awt/Component;Ljava/awt/Graphics;)V+6
j  sun.awt.RepaintArea.paint(Ljava/lang/Object;Z)V+326
j  sun.awt.windows.WComponentPeer.handleEvent(Ljava/awt/AWTEvent;)V+155
j  java.awt.Component.dispatchEventImpl(Ljava/awt/AWTEvent;)V+869
j  java.awt.Component.dispatchEvent(Ljava/awt/AWTEvent;)V+2
j  java.awt.EventQueue.dispatchEventImpl(Ljava/awt/AWTEvent;Ljava/lang/Object;)V+41
j  java.awt.EventQueue.access$200(Ljava/awt/EventQueue;Ljava/awt/AWTEvent;Ljava/lang/Object;)V+3
j  java.awt.EventQueue$3.run()Ljava/lang/Void;+12
j  java.awt.EventQueue$3.run()Ljava/lang/Object;+1
v  ~StubRoutines::call_stub
j  java.security.AccessController.doPrivileged(Ljava/security/PrivilegedAction;Ljava/security/AccessControlContext;)Ljava/lang/Object;+0
j  java.security.ProtectionDomain$1.doIntersectionPrivilege(Ljava/security/PrivilegedAction;Ljava/security/AccessControlContext;Ljava/security/AccessControlContext;)Ljava/lang/Object;+28
j  java.security.ProtectionDomain$1.doIntersectionPrivilege(Ljava/security/PrivilegedAction;Ljava/security/AccessControlContext;)Ljava/lang/Object;+6
j  java.awt.EventQueue$4.run()Ljava/lang/Void;+11
j  java.awt.EventQueue$4.run()Ljava/lang/Object;+1
v  ~StubRoutines::call_stub
j  java.security.AccessController.doPrivileged(Ljava/security/PrivilegedAction;Ljava/security/AccessControlContext;)Ljava/lang/Object;+0
j  java.security.ProtectionDomain$1.doIntersectionPrivilege(Ljava/security/PrivilegedAction;Ljava/security/AccessControlContext;Ljava/security/AccessControlContext;)Ljava/lang/Object;+28
j  java.awt.EventQueue.dispatchEvent(Ljava/awt/AWTEvent;)V+73
j  java.awt.EventDispatchThread.pumpOneEventForFilters(I)V+245
j  java.awt.EventDispatchThread.pumpEventsForFilter(ILjava/awt/Conditional;Ljava/awt/EventFilter;)V+48
j  java.awt.EventDispatchThread.pumpEventsForHierarchy(ILjava/awt/Conditional;Ljava/awt/Component;)V+11
j  java.awt.EventDispatchThread.pumpEvents(ILjava/awt/Conditional;)V+4
j  java.awt.EventDispatchThread.pumpEvents(Ljava/awt/Conditional;)V+3
j  java.awt.EventDispatchThread.run()V+9
v  ~StubRoutines::call_stub

---------------  P R O C E S S  ---------------

Java Threads: ( => current thread )
  0x1b893000 JavaThread "Timer-0" [_thread_blocked, id=5680, stack(0x1d6c0000,0x1d710000)]
  0x1b892400 JavaThread "D3D Screen Updater" daemon [_thread_blocked, id=2012, stack(0x1c7b0000,0x1c800000)]
  0x01fab800 JavaThread "DestroyJavaVM" [_thread_blocked, id=2740, stack(0x01e10000,0x01e60000)]
  0x18ceb800 JavaThread "main-SharedResourceRunner" daemon [_thread_blocked, id=220, stack(0x190e0000,0x19130000)]
=>0x18c70400 JavaThread "AWT-EventQueue-0" [_thread_in_native, id=3860, stack(0x1b3f0000,0x1b440000)]
  0x18c6c000 JavaThread "AWT-Windows" daemon [_thread_in_native, id=4100, stack(0x19240000,0x19290000)]
  0x18c6bc00 JavaThread "AWT-Shutdown" [_thread_blocked, id=5328, stack(0x191f0000,0x19240000)]
  0x18409c00 JavaThread "Java2D Disposer" daemon [_thread_blocked, id=4612, stack(0x18e30000,0x18e80000)]
  0x182e1000 JavaThread "Service Thread" daemon [_thread_blocked, id=2108, stack(0x18990000,0x189e0000)]
  0x182dd400 JavaThread "C1 CompilerThread0" daemon [_thread_blocked, id=5040, stack(0x18940000,0x18990000)]
  0x182cf800 JavaThread "JDWP Command Reader" daemon [_thread_in_native, id=4744, stack(0x188f0000,0x18940000)]
  0x182cc400 JavaThread "JDWP Event Helper Thread" daemon [_thread_blocked, id=5948, stack(0x188a0000,0x188f0000)]
  0x182c2c00 JavaThread "JDWP Transport Listener: dt_socket" daemon [_thread_blocked, id=2236, stack(0x18850000,0x188a0000)]
  0x182bd400 JavaThread "Attach Listener" daemon [_thread_blocked, id=3488, stack(0x184d0000,0x18520000)]
  0x182bb000 JavaThread "Signal Dispatcher" daemon [_thread_blocked, id=512, stack(0x18480000,0x184d0000)]
  0x01f84000 JavaThread "Finalizer" daemon [_thread_blocked, id=5036, stack(0x18230000,0x18280000)]
  0x01f7f000 JavaThread "Reference Handler" daemon [_thread_blocked, id=2852, stack(0x181e0000,0x18230000)]

Other Threads:
  0x01f77800 VMThread [stack: 0x18190000,0x181e0000] [id=4940]
  0x182f2c00 WatcherThread [stack: 0x189e0000,0x18a30000] [id=3548]

VM state:not at safepoint (normal execution)

VM Mutex/Monitor currently owned by a thread: None

Heap
 def new generation   total 4928K, used 4229K [0x04050000, 0x045a0000, 0x095a0000)
  eden space 4416K,  94% used [0x04050000, 0x04466830, 0x044a0000)
  from space 512K,   8% used [0x04520000, 0x0452ace8, 0x045a0000)
  to   space 512K,   0% used [0x044a0000, 0x044a0000, 0x04520000)
 tenured generation   total 10944K, used 7101K [0x095a0000, 0x0a050000, 0x14050000)
   the space 10944K,  64% used [0x095a0000, 0x09c8f730, 0x09c8f800, 0x0a050000)
 compacting perm gen  total 12288K, used 10176K [0x14050000, 0x14c50000, 0x18050000)
   the space 12288K,  82% used [0x14050000, 0x14a40200, 0x14a40200, 0x14c50000)
No shared spaces configured.

Card table byte_map: [0x18050000,0x18100000] byte_map_base: 0x1802fd80

Polling page: 0x00ee0000

Code Cache  [0x01fd0000, 0x02138000, 0x03fd0000)
 total_blobs=776 nmethods=425 adapters=294 free_code_cache=31329Kb largest_free_block=32080896

Compilation events (10 events):
Event: 84.290 Thread 0x182dd400  421             sun.java2d.d3d.D3DSurfaceData$D3DWindowSurfaceData::isDirty (18 bytes)
Event: 84.290 Thread 0x182dd400 nmethod 421 0x020fe1c8 code [0x020fe2d0, 0x020fe37c]
Event: 87.993 Thread 0x182dd400    4 % !         java.util.TimerThread::mainLoop @ 0 (232 bytes)
Event: 87.995 Thread 0x182dd400 nmethod 4% 0x020d35c8 code [0x020d3760, 0x020d3f78]
Event: 96.978 Thread 0x182dd400  422             sun.java2d.StateTrackableDelegate$1::isCurrent (17 bytes)
Event: 96.978 Thread 0x182dd400 nmethod 422 0x020fdfc8 code [0x020fe0c0, 0x020fe160]
Event: 155.058 Thread 0x182dd400  423             java.util.Arrays::copyOf (47 bytes)
Event: 155.059 Thread 0x182dd400 nmethod 423 0x020d3088 code [0x020d31b0, 0x020d3454]
Event: 161.074 Thread 0x182dd400  424             java.util.ArrayList::toArray (60 bytes)
Event: 161.074 Thread 0x182dd400 nmethod 424 0x020d2c88 code [0x020d2da0, 0x020d2fb8]

GC Heap History (10 events):
Event: 2.496 GC heap before
{Heap before GC invocations=10 (full 0):
 def new generation   total 4928K, used 4658K [0x04050000, 0x045a0000, 0x095a0000)
  eden space 4416K, 100% used [0x04050000, 0x044a0000, 0x044a0000)
  from space 512K,  47% used [0x044a0000, 0x044dc878, 0x04520000)
  to   space 512K,   0% used [0x04520000, 0x04520000, 0x045a0000)
 tenured generation   total 10944K, used 4424K [0x095a0000, 0x0a050000, 0x14050000)
   the space 10944K,  40% used [0x095a0000, 0x099f22a8, 0x099f2400, 0x0a050000)
 compacting perm gen  total 12288K, used 9910K [0x14050000, 0x14c50000, 0x18050000)
   the space 12288K,  80% used [0x14050000, 0x149fd8d0, 0x149fda00, 0x14c50000)
No shared spaces configured.
Event: 2.504 GC heap after
Heap after GC invocations=11 (full 0):
 def new generation   total 4928K, used 512K [0x04050000, 0x045a0000, 0x095a0000)
  eden space 4416K,   0% used [0x04050000, 0x04050000, 0x044a0000)
  from space 512K, 100% used [0x04520000, 0x045a0000, 0x045a0000)
  to   space 512K,   0% used [0x044a0000, 0x044a0000, 0x04520000)
 tenured generation   total 10944K, used 4567K [0x095a0000, 0x0a050000, 0x14050000)
   the space 10944K,  41% used [0x095a0000, 0x09a15c40, 0x09a15e00, 0x0a050000)
 compacting perm gen  total 12288K, used 9910K [0x14050000, 0x14c50000, 0x18050000)
   the space 12288K,  80% used [0x14050000, 0x149fd8d0, 0x149fda00, 0x14c50000)
No shared spaces configured.
}
Event: 27.790 GC heap before
{Heap before GC invocations=11 (full 0):
 def new generation   total 4928K, used 4466K [0x04050000, 0x045a0000, 0x095a0000)
  eden space 4416K,  89% used [0x04050000, 0x0442c990, 0x044a0000)
  from space 512K, 100% used [0x04520000, 0x045a0000, 0x045a0000)
  to   space 512K,   0% used [0x044a0000, 0x044a0000, 0x04520000)
 tenured generation   total 10944K, used 4567K [0x095a0000, 0x0a050000, 0x14050000)
   the space 10944K,  41% used [0x095a0000, 0x09a15c40, 0x09a15e00, 0x0a050000)
 compacting perm gen  total 12288K, used 10163K [0x14050000, 0x14c50000, 0x18050000)
   the space 12288K,  82% used [0x14050000, 0x14a3ccc0, 0x14a3ce00, 0x14c50000)
No shared spaces configured.
Event: 27.794 GC heap after
Heap after GC invocations=12 (full 0):
 def new generation   total 4928K, used 71K [0x04050000, 0x045a0000, 0x095a0000)
  eden space 4416K,   0% used [0x04050000, 0x04050000, 0x044a0000)
  from space 512K,  13% used [0x044a0000, 0x044b1eb8, 0x04520000)
  to   space 512K,   0% used [0x04520000, 0x04520000, 0x045a0000)
 tenured generation   total 10944K, used 5944K [0x095a0000, 0x0a050000, 0x14050000)
   the space 10944K,  54% used [0x095a0000, 0x09b6e3a0, 0x09b6e400, 0x0a050000)
 compacting perm gen  total 12288K, used 10163K [0x14050000, 0x14c50000, 0x18050000)
   the space 12288K,  82% used [0x14050000, 0x14a3ccc0, 0x14a3ce00, 0x14c50000)
No shared spaces configured.
}
Event: 27.817 GC heap before
{Heap before GC invocations=12 (full 0):
 def new generation   total 4928K, used 4487K [0x04050000, 0x045a0000, 0x095a0000)
  eden space 4416K, 100% used [0x04050000, 0x044a0000, 0x044a0000)
  from space 512K,  13% used [0x044a0000, 0x044b1eb8, 0x04520000)
  to   space 512K,   0% used [0x04520000, 0x04520000, 0x045a0000)
 tenured generation   total 10944K, used 5944K [0x095a0000, 0x0a050000, 0x14050000)
   the space 10944K,  54% used [0x095a0000, 0x09b6e3a0, 0x09b6e400, 0x0a050000)
 compacting perm gen  total 12288K, used 10163K [0x14050000, 0x14c50000, 0x18050000)
   the space 12288K,  82% used [0x14050000, 0x14a3ccd0, 0x14a3ce00, 0x14c50000)
No shared spaces configured.
Event: 27.819 GC heap after
Heap after GC invocations=13 (full 0):
 def new generation   total 4928K, used 39K [0x04050000, 0x045a0000, 0x095a0000)
  eden space 4416K,   0% used [0x04050000, 0x04050000, 0x044a0000)
  from space 512K,   7% used [0x04520000, 0x04529cb0, 0x045a0000)
  to   space 512K,   0% used [0x044a0000, 0x044a0000, 0x04520000)
 tenured generation   total 10944K, used 7101K [0x095a0000, 0x0a050000, 0x14050000)
   the space 10944K,  64% used [0x095a0000, 0x09c8f730, 0x09c8f800, 0x0a050000)
 compacting perm gen  total 12288K, used 10163K [0x14050000, 0x14c50000, 0x18050000)
   the space 12288K,  82% used [0x14050000, 0x14a3ccd0, 0x14a3ce00, 0x14c50000)
No shared spaces configured.
}
Event: 51.101 GC heap before
{Heap before GC invocations=13 (full 0):
 def new generation   total 4928K, used 4455K [0x04050000, 0x045a0000, 0x095a0000)
  eden space 4416K, 100% used [0x04050000, 0x044a0000, 0x044a0000)
  from space 512K,   7% used [0x04520000, 0x04529cb0, 0x045a0000)
  to   space 512K,   0% used [0x044a0000, 0x044a0000, 0x04520000)
 tenured generation   total 10944K, used 7101K [0x095a0000, 0x0a050000, 0x14050000)
   the space 10944K,  64% used [0x095a0000, 0x09c8f730, 0x09c8f800, 0x0a050000)
 compacting perm gen  total 12288K, used 10176K [0x14050000, 0x14c50000, 0x18050000)
   the space 12288K,  82% used [0x14050000, 0x14a401f0, 0x14a40200, 0x14c50000)
No shared spaces configured.
Event: 51.104 GC heap after
Heap after GC invocations=14 (full 0):
 def new generation   total 4928K, used 52K [0x04050000, 0x045a0000, 0x095a0000)
  eden space 4416K,   0% used [0x04050000, 0x04050000, 0x044a0000)
  from space 512K,  10% used [0x044a0000, 0x044ad080, 0x04520000)
  to   space 512K,   0% used [0x04520000, 0x04520000, 0x045a0000)
 tenured generation   total 10944K, used 7101K [0x095a0000, 0x0a050000, 0x14050000)
   the space 10944K,  64% used [0x095a0000, 0x09c8f730, 0x09c8f800, 0x0a050000)
 compacting perm gen  total 12288K, used 10176K [0x14050000, 0x14c50000, 0x18050000)
   the space 12288K,  82% used [0x14050000, 0x14a401f0, 0x14a40200, 0x14c50000)
No shared spaces configured.
}
Event: 179.590 GC heap before
{Heap before GC invocations=14 (full 0):
 def new generation   total 4928K, used 4468K [0x04050000, 0x045a0000, 0x095a0000)
  eden space 4416K, 100% used [0x04050000, 0x044a0000, 0x044a0000)
  from space 512K,  10% used [0x044a0000, 0x044ad080, 0x04520000)
  to   space 512K,   0% used [0x04520000, 0x04520000, 0x045a0000)
 tenured generation   total 10944K, used 7101K [0x095a0000, 0x0a050000, 0x14050000)
   the space 10944K,  64% used [0x095a0000, 0x09c8f730, 0x09c8f800, 0x0a050000)
 compacting perm gen  total 12288K, used 10176K [0x14050000, 0x14c50000, 0x18050000)
   the space 12288K,  82% used [0x14050000, 0x14a40200, 0x14a40200, 0x14c50000)
No shared spaces configured.
Event: 179.592 GC heap after
Heap after GC invocations=15 (full 0):
 def new generation   total 4928K, used 43K [0x04050000, 0x045a0000, 0x095a0000)
  eden space 4416K,   0% used [0x04050000, 0x04050000, 0x044a0000)
  from space 512K,   8% used [0x04520000, 0x0452ace8, 0x045a0000)
  to   space 512K,   0% used [0x044a0000, 0x044a0000, 0x04520000)
 tenured generation   total 10944K, used 7101K [0x095a0000, 0x0a050000, 0x14050000)
   the space 10944K,  64% used [0x095a0000, 0x09c8f730, 0x09c8f800, 0x0a050000)
 compacting perm gen  total 12288K, used 10176K [0x14050000, 0x14c50000, 0x18050000)
   the space 12288K,  82% used [0x14050000, 0x14a40200, 0x14a40200, 0x14c50000)
No shared spaces configured.
}

Deoptimization events (0 events):
No events

Internal exceptions (10 events):
Event: 2.595 Thread 0x18c70400 Threw 0x040b8228 at C:\jdk7u1_32P\jdk7u9_3984_new\hotspot\src\share\vm\prims\jvm.cpp:1166
Event: 2.596 Thread 0x18c70400 Threw 0x040bb578 at C:\jdk7u1_32P\jdk7u9_3984_new\hotspot\src\share\vm\prims\jvm.cpp:1166
Event: 2.625 Thread 0x18c70400 Threw 0x040bfe50 at C:\jdk7u1_32P\jdk7u9_3984_new\hotspot\src\share\vm\prims\jvm.cpp:1166
Event: 2.627 Thread 0x18c70400 Threw 0x040c3248 at C:\jdk7u1_32P\jdk7u9_3984_new\hotspot\src\share\vm\prims\jvm.cpp:1166
Event: 2.672 Thread 0x18c70400 Threw 0x040d1d38 at C:\jdk7u1_32P\jdk7u9_3984_new\hotspot\src\share\vm\prims\jvm.cpp:1166
Event: 2.674 Thread 0x18c70400 Threw 0x040d51c0 at C:\jdk7u1_32P\jdk7u9_3984_new\hotspot\src\share\vm\prims\jvm.cpp:1166
Event: 2.676 Thread 0x18c70400 Threw 0x040d7708 at C:\jdk7u1_32P\jdk7u9_3984_new\hotspot\src\share\vm\prims\jvm.cpp:1166
Event: 27.694 Thread 0x18c70400 Threw 0x04206d10 at C:\jdk7u1_32P\jdk7u9_3984_new\hotspot\src\share\vm\prims\jvm.cpp:1166
Event: 27.827 Thread 0x18c70400 Threw 0x041bd418 at C:\jdk7u1_32P\jdk7u9_3984_new\hotspot\src\share\vm\prims\jvm.cpp:1166
Event: 31.576 Thread 0x18c70400 Threw 0x0438cb88 at C:\jdk7u1_32P\jdk7u9_3984_new\hotspot\src\share\vm\prims\jvm.cpp:1166

Events (10 events):
Event: 298.700 Executing VM operation: GetOrSetLocal
Event: 298.700 Executing VM operation: GetOrSetLocal done
Event: 298.730 Executing VM operation: GetOrSetLocal
Event: 298.730 Executing VM operation: GetOrSetLocal done
Event: 298.730 Executing VM operation: GetOrSetLocal
Event: 298.730 Executing VM operation: GetOrSetLocal done
Event: 298.730 Executing VM operation: GetOrSetLocal
Event: 298.730 Executing VM operation: GetOrSetLocal done
Event: 298.731 Executing VM operation: GetOrSetLocal
Event: 298.731 Executing VM operation: GetOrSetLocal done


Dynamic libraries:
0x00a50000 - 0x00a7f000 	C:\Program Files\Java\jre7\bin\javaw.exe
0x77c30000 - 0x77d97000 	C:\WINDOWS\SYSTEM32\ntdll.dll
0x77a60000 - 0x77b58000 	C:\WINDOWS\system32\KERNEL32.DLL
0x75310000 - 0x753cd000 	C:\WINDOWS\system32\KERNELBASE.dll
0x75ec0000 - 0x75f6e000 	C:\WINDOWS\system32\ADVAPI32.dll
0x75cd0000 - 0x75df1000 	C:\WINDOWS\system32\USER32.dll
0x72220000 - 0x72417000 	C:\WINDOWS\WinSxS\x86_microsoft.windows.common-controls_6595b64144ccf1df_6.0.9200.16384_none_893961408605e985\COMCTL32.dll
0x756f0000 - 0x757a1000 	C:\WINDOWS\system32\msvcrt.dll
0x77b70000 - 0x77ba4000 	C:\WINDOWS\SYSTEM32\sechost.dll
0x75870000 - 0x75942000 	C:\WINDOWS\system32\RPCRT4.dll
0x77180000 - 0x7728a000 	C:\WINDOWS\system32\GDI32.dll
0x75e00000 - 0x75e2b000 	C:\WINDOWS\system32\IMM32.DLL
0x77600000 - 0x776dc000 	C:\WINDOWS\system32\MSCTF.dll
0x66df0000 - 0x66eae000 	C:\Program Files\Java\jre7\bin\msvcr100.dll
0x63d40000 - 0x6408d000 	C:\Program Files\Java\jre7\bin\client\jvm.dll
0x6fe20000 - 0x6fe28000 	C:\WINDOWS\SYSTEM32\WSOCK32.dll
0x6fd90000 - 0x6fdb1000 	C:\WINDOWS\SYSTEM32\WINMM.dll
0x757b0000 - 0x757b6000 	C:\WINDOWS\system32\PSAPI.DLL
0x75820000 - 0x75870000 	C:\WINDOWS\system32\WS2_32.dll
0x6fd50000 - 0x6fd7a000 	C:\WINDOWS\SYSTEM32\WINMMBASE.dll
0x773b0000 - 0x773b8000 	C:\WINDOWS\system32\NSI.dll
0x6fba0000 - 0x6fbac000 	C:\Program Files\Java\jre7\bin\verify.dll
0x6c420000 - 0x6c440000 	C:\Program Files\Java\jre7\bin\java.dll
0x72780000 - 0x727aa000 	C:\Program Files\Java\jre7\bin\jdwp.dll
0x73c80000 - 0x73c87000 	C:\Program Files\Java\jre7\bin\npt.dll
0x6c1e0000 - 0x6c1f3000 	C:\Program Files\Java\jre7\bin\zip.dll
0x736e0000 - 0x736e8000 	C:\Program Files\Java\jre7\bin\dt_socket.dll
0x6a4c0000 - 0x6a4d0000 	C:\WINDOWS\system32\napinsp.dll
0x6a4d0000 - 0x6a4e4000 	C:\WINDOWS\system32\pnrpnsp.dll
0x73b40000 - 0x73b50000 	C:\WINDOWS\system32\NLAapi.dll
0x74c20000 - 0x74c6a000 	C:\WINDOWS\System32\mswsock.dll
0x74ab0000 - 0x74b25000 	C:\WINDOWS\SYSTEM32\DNSAPI.dll
0x6a4f0000 - 0x6a4f9000 	C:\WINDOWS\System32\winrnr.dll
0x6a5c0000 - 0x6a5d0000 	C:\WINDOWS\system32\wshbth.dll
0x70e40000 - 0x70e7f000 	C:\WINDOWS\System32\fwpuclnt.dll
0x6d9a0000 - 0x6d9a7000 	C:\Windows\System32\rasadhlp.dll
0x65ce0000 - 0x65e22000 	C:\Program Files\Java\jre7\bin\awt.dll
0x75e30000 - 0x75ebb000 	C:\WINDOWS\system32\OLEAUT32.dll
0x75f70000 - 0x760a6000 	C:\WINDOWS\system32\combase.dll
0x74660000 - 0x74707000 	C:\WINDOWS\system32\apphelp.dll
0x71b60000 - 0x71b85000 	C:\Program Files\Java\jre7\bin\jpeg.dll
0x71b30000 - 0x71b5d000 	C:\Program Files\Java\jre7\bin\kcms.dll
0x74c70000 - 0x74c8a000 	C:\WINDOWS\SYSTEM32\CRYPTSP.dll
0x74990000 - 0x749ce000 	C:\WINDOWS\system32\rsaenh.dll
0x74a60000 - 0x74a7b000 	C:\WINDOWS\SYSTEM32\USERENV.dll
0x75270000 - 0x75281000 	C:\WINDOWS\SYSTEM32\profapi.dll
0x75100000 - 0x75109000 	C:\WINDOWS\SYSTEM32\CRYPTBASE.dll
0x750a0000 - 0x750f1000 	C:\WINDOWS\SYSTEM32\bcryptPrimitives.dll
0x6beb0000 - 0x6bec4000 	C:\Program Files\Java\jre7\bin\net.dll
0x731a0000 - 0x731c0000 	C:\WINDOWS\SYSTEM32\IPHLPAPI.DLL
0x730c0000 - 0x730c8000 	C:\WINDOWS\SYSTEM32\WINNSI.DLL
0x6fb30000 - 0x6fb3f000 	C:\Program Files\Java\jre7\bin\nio.dll
0x637c0000 - 0x637ca000 	C:\Users\Boss\AppData\Local\Temp\jogamp_0000\file_cache\jln8146592960600970682\jln7330798225654227325\gluegen-rt.dll
0x73e90000 - 0x73f37000 	C:\WINDOWS\system32\uxtheme.dll
0x726c0000 - 0x726d9000 	C:\WINDOWS\SYSTEM32\dwmapi.dll
0x77290000 - 0x773a9000 	C:\WINDOWS\system32\ole32.dll
0x73230000 - 0x73236000 	C:\Program Files\Java\jre7\bin\jawt.dll
0x6a440000 - 0x6a44a000 	C:\Users\Boss\AppData\Local\Temp\jogamp_0000\file_cache\jln8146592960600970682\jln7330798225654227325\nativewindow_awt.dll
0x666a0000 - 0x66855000 	C:\WINDOWS\system32\d3d9.dll
0x74650000 - 0x74658000 	C:\WINDOWS\SYSTEM32\VERSION.dll
0x61030000 - 0x61ef0000 	C:\WINDOWS\SYSTEM32\nvd3dum.dll
0x75220000 - 0x7525f000 	C:\WINDOWS\SYSTEM32\powrprof.dll
0x19e10000 - 0x19efa000 	C:\Program Files\NVIDIA Corporation\3D Vision\nvSCPAPI.dll
0x77740000 - 0x778ef000 	C:\WINDOWS\system32\SETUPAPI.dll
0x72720000 - 0x7277c000 	C:\WINDOWS\SYSTEM32\dxgi.dll
0x760b0000 - 0x77176000 	C:\WINDOWS\system32\SHELL32.dll
0x754d0000 - 0x75516000 	C:\WINDOWS\system32\CFGMGR32.dll
0x754b0000 - 0x754ce000 	C:\WINDOWS\system32\DEVOBJ.dll
0x756b0000 - 0x756f0000 	C:\WINDOWS\system32\SHLWAPI.dll
0x6b6a0000 - 0x6b904000 	C:\WINDOWS\SYSTEM32\nvapi.dll
0x753d0000 - 0x75413000 	C:\WINDOWS\system32\WINTRUST.dll
0x75520000 - 0x756a8000 	C:\WINDOWS\system32\CRYPT32.dll
0x752f0000 - 0x75302000 	C:\WINDOWS\system32\MSASN1.dll
0x77580000 - 0x775f5000 	C:\WINDOWS\SYSTEM32\shcore.dll
0x6c100000 - 0x6c110000 	C:\Users\Boss\AppData\Local\Temp\jogamp_0000\file_cache\jln8146592960600970682\jln7330798225654227325\nativewindow_win32.dll
0x66d20000 - 0x66dee000 	C:\WINDOWS\SYSTEM32\OpenGL32.dll
0x71770000 - 0x71793000 	C:\WINDOWS\SYSTEM32\GLU32.dll
0x65c00000 - 0x65cd9000 	C:\WINDOWS\SYSTEM32\DDRAW.dll
0x72820000 - 0x72827000 	C:\WINDOWS\SYSTEM32\DCIMAN32.dll
0x64500000 - 0x6456b000 	C:\Users\Boss\AppData\Local\Temp\jogamp_0000\file_cache\jln8146592960600970682\jln7330798225654227325\jogl_desktop.dll
0x5eed0000 - 0x601da000 	C:\WINDOWS\SYSTEM32\nvoglv32.DLL
0x747f0000 - 0x74816000 	C:\WINDOWS\SYSTEM32\ntmarta.dll
0x71740000 - 0x7176a000 	C:\Program Files\Java\jre7\bin\fontmanager.dll
0x73d20000 - 0x73e49000 	C:\WINDOWS\SYSTEM32\dbghelp.dll

VM Arguments:
jvm_args: -agentlib:jdwp=transport=dt_socket,suspend=y,address=localhost:60374 -Djava.library.path=D:\Dropbox\Dropbox\uni\3. Semester\Computer Grafik\Assignments\eclipseX\plugins\jogl-2.0-b798-20120826-windows-i586\lib;D:\Dropbox\Dropbox\uni\3. Semester\Computer Grafik\Assignments\eclipseX\plugins\gluegen-2.0-b584-20120826-windows-i586\lib;D:\Dropbox\Dropbox\uni\3. Semester\Computer Grafik\Assignments\eclipseX\plugins\jogl-2.0-b798-20120826-windows-i586\lib;D:\Dropbox\Dropbox\uni\3. Semester\Computer Grafik\Assignments\eclipseX\plugins\gluegen-2.0-b584-20120826-windows-i586\lib -Dfile.encoding=Cp1252 
java_command: simple
Launcher Type: SUN_STANDARD

Environment Variables:
PATH=C:/Program Files/Java/jre7/bin/client;C:/Program Files/Java/jre7/bin;C:/Program Files/Java/jre7/lib/i386;C:\Program Files\NVIDIA Corporation\PhysX\Common;C:\WINDOWS\system32;C:\WINDOWS;C:\WINDOWS\System32\Wbem;C:\WINDOWS\System32\WindowsPowerShell\v1.0\;C:\Program Files\Git\cmd;D:\Programme\eclipse;
USERNAME=Boss
OS=Windows_NT
PROCESSOR_IDENTIFIER=x86 Family 6 Model 37 Stepping 5, GenuineIntel



---------------  S Y S T E M  ---------------

OS: Windows 8 Build 9200 

CPU:total 4 (2 cores per cpu, 2 threads per core) family 6 model 37 stepping 5, cmov, cx8, fxsr, mmx, sse, sse2, sse3, ssse3, sse4.1, sse4.2, popcnt, ht, tsc, tscinvbit

Memory: 4k page, physical 3397476k(2260248k free), swap 6674276k(5265596k free)

vm_info: Java HotSpot(TM) Client VM (23.5-b02) for windows-x86 JRE (1.7.0_09-b05), built on Sep 24 2012 22:01:33 by "java_re" with unknown MS VC++:1600

time: Wed Nov 07 17:34:56 2012
elapsed time: 300 seconds

